<?xml version="1.0" encoding="UTF-8"?>
<testExecutions version="1">
  <file path="C:\Users\rocco\AppData\Roaming\SPB_Data\git\SPG-P08\SoftEngII-P08-SPG\test\dao.test.js">
    <testCase name="the creation fails because id client is missing" duration="16"/>
    <testCase name="the creation fails because state is missing" duration="1"/>
    <testCase name="the creation is done" duration="13"/>
  </file>
</testExecutions>