<?xml version="1.0" encoding="UTF-8"?>
<testExecutions version="1">
  <file path="C:\Users\rocco\AppData\Roaming\SPB_Data\git\SPG-P08\SoftEngII-P08-SPG\client\src\App.test.js">
    <testCase name="renders learn react link" duration="1"/>
  </file>
  <file path="C:\Users\rocco\AppData\Roaming\SPB_Data\git\SPG-P08\SoftEngII-P08-SPG\server\dao.test.js">
    <testCase name="Test suite DAO the creation of a new booking fails because id client is missing" duration="16"/>
    <testCase name="Test suite DAO the creation of a new booking fails because state is missing" duration="10"/>
    <testCase name="Test suite DAO the creation of a new booking is done" duration="31"/>
    <testCase name="Test suite DAO the creation of a new client fails because email is missing" duration="92"/>
    <testCase name="Test suite DAO the creation of a new client fails because name is missing" duration="88"/>
    <testCase name="Test suite DAO the creation of a new client fails because surname is missing" duration="90"/>
    <testCase name="Test suite DAO the creation of a new client fails because password is missing" duration="11"/>
    <testCase name="Test suite DAO the creation of a new client is done" duration="100"/>
    <testCase name="Test suite DAO get client return false because no email provided" duration="31"/>
    <testCase name="Test suite DAO get client return false because no user with that email exists" duration="11"/>
    <testCase name="Test suite DAO get client return false because wrong password" duration="197"/>
    <testCase name="Test suite DAO get client return success" duration="91"/>
    <testCase name="Test suite DAO get client return -1 because no email provided" duration="15"/>
    <testCase name="Test suite DAO get client return -1 because no user with that email exists" duration="12"/>
    <testCase name="Test suite DAO get client return success" duration="13"/>
    <testCase name="Test suite DAO get client by id return false because no user with that id exists" duration="11"/>
    <testCase name="Test suite DAO get client by id return success" duration="12"/>
    <testCase name="Test suite DAO get farmer return false because no email provided" duration="11"/>
    <testCase name="Test suite DAO get farmer return false because no user with that email exists" duration="11"/>
    <testCase name="Test suite DAO get farmer return false because wrong psw" duration="91"/>
    <testCase name="Test suite DAO get farmer return success" duration="85"/>
    <testCase name="Test suite DAO get farmer by id return false because no farmer with that id exists" duration="11"/>
    <testCase name="Test suite DAO get farmer by id return a farmer" duration="10"/>
    <testCase name="Test suite DAO get shop employee return false because no email provided" duration="16"/>
    <testCase name="Test suite DAO get shop employee return false because no user with that email exists" duration="12"/>
    <testCase name="Test suite DAO get shop employee return false because wrong psw" duration="97"/>
    <testCase name="Test suite DAO get shop employee return success" duration="99"/>
    <testCase name="Test suite DAO get shop employee by id return false because no shop employee with that id exists" duration="11"/>
    <testCase name="Test suite DAO get shop employee by id return a shop employee" duration="10"/>
  </file>
  <file path="C:\Users\rocco\AppData\Roaming\SPB_Data\git\SPG-P08\SoftEngII-P08-SPG\server\serverIntegration.test.js">
    <testCase name="Test suite DAO Post booking fail create a new booking fails due to idClient = 0" duration="162"/>
    <testCase name="Test suite DAO Post booking fail create a new booking fails due to idClient = -1" duration="8"/>
    <testCase name="Test suite DAO Post booking success should create a new booking" duration="52"/>
    <testCase name="Test suite DAO Post new client fail create a new client fails due to invalid email" duration="20"/>
    <testCase name="Test suite DAO Post new client fail create a new client fails due to invalid name" duration="27"/>
    <testCase name="Test suite DAO Post new client fail create a new client fails due to invalid surname" duration="12"/>
    <testCase name="Test suite DAO Post new client fail create a new client fails due to invalid password" duration="16"/>
    <testCase name="Test suite DAO Post new client success create a new client success" duration="120"/>
    <testCase name="Test suite DAO Get a wallet fail send a invalid id of client" duration="13"/>
    <testCase name="Test suite DAO Put a qty of a product send a invalid qty" duration="32"/>
    <testCase name="Test suite DAO Put a qty of a product send a invalid id product" duration="27"/>
    <testCase name="Test suite DAO Put a row in the table BOOKING_PRODUCTS send a invalid Booking id" duration="9"/>
    <testCase name="Test suite DAO Put a row in the table BOOKING_PRODUCTS send a invalid product id" duration="22"/>
    <testCase name="Test suite DAO Put a row in the table BOOKING_PRODUCTS send a invalid qty" duration="23"/>
    <testCase name="Test suite DAO Client Session success send a valid user" duration="101"/>
    <testCase name="Test suite DAO Client Session fails send a wrong psw" duration="90"/>
    <testCase name="Test suite DAO Farmer Session success send a valid user" duration="93"/>
    <testCase name="Test suite DAO Farmer Session fails send a wrong psw" duration="89"/>
    <testCase name="Test suite DAO Shop Employee Session success send a valid user" duration="100"/>
    <testCase name="Test suite DAO Shop Employee Session fails send a wrong psw" duration="96"/>
  </file>
</testExecutions>