<?xml version="1.0" encoding="UTF-8"?>
<testExecutions version="1">
  <file path="C:\Users\rocco\AppData\Roaming\SPB_Data\git\SPG-P08\SoftEngII-P08-SPG\client\src\App.test.js">
    <testCase name="renders learn react link" duration="2"/>
  </file>
  <file path="C:\Users\rocco\AppData\Roaming\SPB_Data\git\SPG-P08\SoftEngII-P08-SPG\server\dao.test.js">
    <testCase name="Test suite DAO the creation of a new booking fails because id client is missing" duration="31"/>
    <testCase name="Test suite DAO the creation of a new booking fails because state is missing" duration="18"/>
    <testCase name="Test suite DAO the creation of a new booking is done" duration="27"/>
    <testCase name="Test suite DAO the creation of a new client fails because email is missing" duration="108"/>
    <testCase name="Test suite DAO the creation of a new client fails because name is missing" duration="99"/>
    <testCase name="Test suite DAO the creation of a new client fails because surname is missing" duration="94"/>
    <testCase name="Test suite DAO the creation of a new client fails because password is missing" duration="16"/>
    <testCase name="Test suite DAO the creation of a new client is done" duration="128"/>
    <testCase name="Test suite DAO get client return false because no email provided" duration="32"/>
    <testCase name="Test suite DAO get client return false because no user with that email exists" duration="21"/>
    <testCase name="Test suite DAO get client return false because wrong password" duration="245"/>
    <testCase name="Test suite DAO get client return success" duration="190"/>
    <testCase name="Test suite DAO get client by id return false because no user with that id exists" duration="20"/>
    <testCase name="Test suite DAO get farmer return false because no email provided" duration="19"/>
    <testCase name="Test suite DAO get farmer return false because no user with that email exists" duration="18"/>
    <testCase name="Test suite DAO get farmer return false because wrong psw" duration="101"/>
    <testCase name="Test suite DAO get farmer return success" duration="98"/>
    <testCase name="Test suite DAO get farmer by id return false because no farmer with that id exists" duration="20"/>
    <testCase name="Test suite DAO get farmer by id return a farmer" duration="19"/>
    <testCase name="Test suite DAO get shop employee return false because no email provided" duration="17"/>
    <testCase name="Test suite DAO get shop employee return false because no user with that email exists" duration="20"/>
    <testCase name="Test suite DAO get shop employee return false because wrong psw" duration="103"/>
    <testCase name="Test suite DAO get shop employee return success" duration="92"/>
    <testCase name="Test suite DAO get shop employee by id return false because no shop employee with that id exists" duration="19"/>
    <testCase name="Test suite DAO get shop employee by id return a shop employee" duration="19"/>
  </file>
  <file path="C:\Users\rocco\AppData\Roaming\SPB_Data\git\SPG-P08\SoftEngII-P08-SPG\server\serverIntegration.test.js">
    <testCase name="Test suite DAO Post booking should create a new booking" duration="162"/>
  </file>
</testExecutions>