<?xml version="1.0" encoding="UTF-8"?>
<testExecutions version="1">
  <file path="C:\Users\dadix\Desktop\scuola\magistrale\sofEngII\SPG2\SoftEngII-P08-SPG\server\dao.test.js">
    <testCase name="Test suite DAO the creation of a new booking fails because id client is missing" duration="8"/>
    <testCase name="Test suite DAO the creation of a new booking fails because state is missing" duration="2"/>
    <testCase name="Test suite DAO the creation of a new booking is done" duration="255"/>
    <testCase name="Test suite DAO the creation of a new client fails because email is missing" duration="184"/>
    <testCase name="Test suite DAO the creation of a new client fails because name is missing" duration="106"/>
    <testCase name="Test suite DAO the creation of a new client fails because surname is missing" duration="114"/>
    <testCase name="Test suite DAO the creation of a new client fails because password is missing" duration="2"/>
    <testCase name="Test suite DAO the creation of a new client is done" duration="353"/>
    <testCase name="Test suite DAO get client return false because no email provided" duration="78"/>
    <testCase name="Test suite DAO get client return false because no user with that email exists" duration="1"/>
    <testCase name="Test suite DAO get client return false because wrong password" duration="790"/>
    <testCase name="Test suite DAO get client return success" duration="722"/>
    <testCase name="Test suite DAO get client return -1 because no email provided" duration="3"/>
    <testCase name="Test suite DAO get client return -1 because no user with that email exists" duration="5"/>
    <testCase name="Test suite DAO get client return success" duration="2"/>
    <testCase name="Test suite DAO get client return success" duration="3"/>
    <testCase name="Test suite DAO get client by id return false because no user with that id exists" duration="2"/>
    <testCase name="Test suite DAO get client by id return success" duration="1"/>
    <testCase name="Test suite DAO get farmer return false because no email provided" duration="2"/>
    <testCase name="Test suite DAO get farmer return false because no user with that email exists" duration="1"/>
    <testCase name="Test suite DAO get farmer return false because wrong psw" duration="113"/>
    <testCase name="Test suite DAO get farmer return success" duration="114"/>
    <testCase name="Test suite DAO get farmer by id return false because no farmer with that id exists" duration="2"/>
    <testCase name="Test suite DAO get farmer by id return a farmer" duration="2"/>
    <testCase name="Test suite DAO get shop employee return false because no email provided" duration="2"/>
    <testCase name="Test suite DAO get shop employee return false because no user with that email exists" duration="1"/>
    <testCase name="Test suite DAO get shop employee return false because wrong psw" duration="114"/>
    <testCase name="Test suite DAO get shop employee return success" duration="116"/>
    <testCase name="Test suite DAO get shop employee by id return false because no shop employee with that id exists" duration="1"/>
    <testCase name="Test suite DAO get shop employee by id return a shop employee" duration="1"/>
    <testCase name="get all products success" duration="3"/>
    <testCase name="get all bookings success" duration="1"/>
    <testCase name="updating the wallet failed bacause client was not found" duration="2"/>
    <testCase name="updating the wallet failed bacause client id was not provided" duration="0"/>
    <testCase name="update of wallet balance was successfull" duration="72"/>
    <testCase name="Creation of wallet with balance= 0.0 was successfull" duration="83"/>
    <testCase name="Creation of wallet fails,id 1 already exists" duration="1"/>
    <testCase name="Edit the state of a booking with a valid request" duration="1"/>
    <testCase name="create a row in the booking product table" duration="102"/>
    <testCase name="get all bookings with pendingcancelation state" duration="9">
      <failure message="Error: expect(received).resolves.toEqual(expected) // deep equality"><![CDATA[Error: expect(received).resolves.toEqual(expected) // deep equality

- Expected  - 9
+ Received  + 1

- Array [
-   Array [
-     Object {
-       "CLIENT_ID": 1,
-       "ID_BOOKING": 1,
-       "STATE": "PENDINGCANCELATION",
-     },
-   ],
- ]
+ Array []
    at Object.toEqual (C:\Users\dadix\Desktop\scuola\magistrale\sofEngII\SPG2\SoftEngII-P08-SPG\server\node_modules\expect\build\index.js:242:22)
    at Object.<anonymous> (C:\Users\dadix\Desktop\scuola\magistrale\sofEngII\SPG2\SoftEngII-P08-SPG\server\dao.test.js:364:68)
    at Promise.then.completed (C:\Users\dadix\Desktop\scuola\magistrale\sofEngII\SPG2\SoftEngII-P08-SPG\server\node_modules\jest-circus\build\utils.js:390:28)
    at new Promise (<anonymous>)
    at callAsyncCircusFn (C:\Users\dadix\Desktop\scuola\magistrale\sofEngII\SPG2\SoftEngII-P08-SPG\server\node_modules\jest-circus\build\utils.js:315:10)
    at _callCircusTest (C:\Users\dadix\Desktop\scuola\magistrale\sofEngII\SPG2\SoftEngII-P08-SPG\server\node_modules\jest-circus\build\run.js:218:40)
    at _runTest (C:\Users\dadix\Desktop\scuola\magistrale\sofEngII\SPG2\SoftEngII-P08-SPG\server\node_modules\jest-circus\build\run.js:155:3)
    at _runTestsForDescribeBlock (C:\Users\dadix\Desktop\scuola\magistrale\sofEngII\SPG2\SoftEngII-P08-SPG\server\node_modules\jest-circus\build\run.js:66:9)
    at run (C:\Users\dadix\Desktop\scuola\magistrale\sofEngII\SPG2\SoftEngII-P08-SPG\server\node_modules\jest-circus\build\run.js:25:3)
    at runAndTransformResultsToJestFormat (C:\Users\dadix\Desktop\scuola\magistrale\sofEngII\SPG2\SoftEngII-P08-SPG\server\node_modules\jest-circus\build\legacy-code-todo-rewrite\jestAdapterInit.js:167:21)]]></failure>
    </testCase>
    <testCase name="Insert a new Product expected without a field category" duration="6"/>
    <testCase name="Insert a new Product expected" duration="67"/>
  </file>
  <file path="C:\Users\dadix\Desktop\scuola\magistrale\sofEngII\SPG2\SoftEngII-P08-SPG\server\serverIntegration.test.js">
    <testCase name="Test suite Integration Server Post booking fail create a new booking fails due to idClient = 0" duration="159"/>
    <testCase name="Test suite Integration Server Post booking fail create a new booking fails due to idClient = -1" duration="11"/>
    <testCase name="Test suite Integration Server Post booking success should create a new booking" duration="477"/>
    <testCase name="Test suite Integration Server Post new client fail create a new client fails due to invalid email" duration="8"/>
    <testCase name="Test suite Integration Server Post new client fail create a new client fails due to invalid name" duration="11"/>
    <testCase name="Test suite Integration Server Post new client fail create a new client fails due to invalid surname" duration="6"/>
    <testCase name="Test suite Integration Server Post new client fail create a new client fails due to invalid password" duration="6"/>
    <testCase name="Test suite Integration Server Post new client success create a new client success" duration="798"/>
    <testCase name="Test suite Integration Server Get a wallet fail send a invalid id of client" duration="293"/>
    <testCase name="Test suite Integration Server Put a qty of a product send a invalid qty" duration="7"/>
    <testCase name="Test suite Integration Server Put a qty of a product send a invalid id product" duration="7"/>
    <testCase name="Test suite Integration Server Put a row in the table BOOKING_PRODUCTS send a invalid Booking id" duration="8"/>
    <testCase name="Test suite Integration Server Put a row in the table BOOKING_PRODUCTS send a invalid product id" duration="11"/>
    <testCase name="Test suite Integration Server Put a row in the table BOOKING_PRODUCTS send a invalid qty" duration="8"/>
    <testCase name="Test suite Integration Server Client Session success send a valid user" duration="124"/>
    <testCase name="Test suite Integration Server Client Session fails send a wrong psw" duration="117"/>
    <testCase name="Test suite Integration Server Get client by email success send a valid email" duration="6"/>
    <testCase name="Test suite Integration Server Get client by email fails don&apos;t send an email" duration="7"/>
    <testCase name="Test suite Integration Server Get client by email fails send a wrong email" duration="6"/>
    <testCase name="Test suite Integration Server Get clients success ask the list of clients" duration="7"/>
    <testCase name="Test suite Integration Server Farmer Session success send a valid user" duration="118"/>
    <testCase name="Test suite Integration Server Farmer Session fails send a wrong psw" duration="115"/>
    <testCase name="Test suite Integration Server Shop Employee Session success send a valid user" duration="121"/>
    <testCase name="Test suite Integration Server Shop Employee Session fails send a wrong psw" duration="115"/>
    <testCase name="Test suite Integration Server get all products success test get api/products endpoint" duration="447"/>
    <testCase name="Test suite Integration Server get all bookings success test get api/bookings endpoint" duration="6"/>
    <testCase name="Test suite Integration Server update wallet balance fails send a negative balance amount" duration="6"/>
    <testCase name="Test suite Integration Server update wallet balance fails send a client id which does not exist" duration="7"/>
    <testCase name="Test suite Integration Server update wallet balance fails  do not send a client id " duration="6"/>
    <testCase name="Test suite Integration Server update wallet balance success send a valid body" duration="79"/>
    <testCase name="Test suite Integration Server edit the state of a booking send a invalid id booking" duration="5"/>
    <testCase name="Test suite Integration Server edit the state of a booking send a valid body" duration="6"/>
    <testCase name="Test suite Integration Server get all bookings with PENDINGCANCELATION state test /api/bookingsPendingCancelation endpoint" duration="11">
      <failure message="Error: expect(received).toEqual(expected) // deep equality"><![CDATA[Error: expect(received).toEqual(expected) // deep equality

- Expected  - 7
+ Received  + 1

- Array [
-   Object {
-     "CLIENT_ID": 1,
-     "ID_BOOKING": 1,
-     "STATE": "PENDINGCANCELATION",
-   },
- ]
+ Array []
    at Object.<anonymous> (C:\Users\dadix\Desktop\scuola\magistrale\sofEngII\SPG2\SoftEngII-P08-SPG\server\serverIntegration.test.js:451:22)
    at processTicksAndRejections (internal/process/task_queues.js:95:5)]]></failure>
    </testCase>
    <testCase name="Test suite Integration Server post a vector of product expected test with a no valid body, without a name field" duration="8"/>
    <testCase name="Test suite Integration Server post a vector of product expected test with a valid body" duration="547">
      <failure message="Error: expect(received).toEqual(expected) // deep equality"><![CDATA[Error: expect(received).toEqual(expected) // deep equality

- Expected  - 2
+ Received  + 2

  Array [
    Object {
-     "id": 3,
+     "id": 12,
      "nameProduct": "Apple",
    },
    Object {
-     "id": 4,
+     "id": 13,
      "nameProduct": "Banana",
    },
  ]
    at Object.<anonymous> (C:\Users\dadix\Desktop\scuola\magistrale\sofEngII\SPG2\SoftEngII-P08-SPG\server\serverIntegration.test.js:503:22)
    at processTicksAndRejections (internal/process/task_queues.js:95:5)]]></failure>
    </testCase>
  </file>
</testExecutions>