<?xml version="1.0" encoding="UTF-8"?>
<testExecutions version="1">
  <file path="C:\Users\dadix\Desktop\scuola\magistrale\sofEngII\SPG\SoftEngII-P08-SPG\server\serverIntegration.test.js">
    <testCase name="Get a wallet fail send a invalid id of client" duration="150"/>
    <testCase name="Put a qty of a product send a invalid qty" duration="10"/>
    <testCase name="Put a qty of a product send a invalid id product" duration="6"/>
    <testCase name="Put a row in the table BOOKING_PRODUCTS send a invalid Booking id" duration="6"/>
    <testCase name="Put a row in the table BOOKING_PRODUCTS send a invalid product id" duration="6"/>
    <testCase name="Put a row in the table BOOKING_PRODUCTS send a invalid qty" duration="5"/>
  </file>
  <file path="C:\Users\dadix\Desktop\scuola\magistrale\sofEngII\SPG\SoftEngII-P08-SPG\server\dao.test.js">
    <testCase name="Test suite DAO the creation of a new booking fails because id client is missing" duration="192"/>
    <testCase name="Test suite DAO the creation of a new booking fails because state is missing" duration="135"/>
    <testCase name="Test suite DAO the creation of a new booking is done" duration="278"/>
    <testCase name="Test suite DAO the creation of a new client fails because email is missing" duration="496"/>
    <testCase name="Test suite DAO the creation of a new client fails because name is missing" duration="288"/>
    <testCase name="Test suite DAO the creation of a new client fails because surname is missing" duration="219"/>
    <testCase name="Test suite DAO the creation of a new client fails because password is missing" duration="137"/>
    <testCase name="Test suite DAO the creation of a new client is done" duration="504"/>
    <testCase name="Test suite DAO get client return false because no email provided" duration="567"/>
    <testCase name="Test suite DAO get client return false because no user with that email exists" duration="174"/>
    <testCase name="Test suite DAO get client return false because wrong password" duration="897"/>
    <testCase name="Test suite DAO get client return success" duration="593"/>
    <testCase name="Test suite DAO get client return -1 because no email provided" duration="182"/>
    <testCase name="Test suite DAO get client return -1 because no user with that email exists" duration="146"/>
    <testCase name="Test suite DAO get client return success" duration="163"/>
    <testCase name="Test suite DAO get client by id return false because no user with that id exists" duration="122"/>
    <testCase name="Test suite DAO get client by id return success" duration="154"/>
    <testCase name="Test suite DAO get farmer return false because no email provided" duration="166"/>
    <testCase name="Test suite DAO get farmer return false because no user with that email exists" duration="123"/>
    <testCase name="Test suite DAO get farmer return false because wrong psw" duration="258"/>
    <testCase name="Test suite DAO get farmer return success" duration="249"/>
    <testCase name="Test suite DAO get farmer by id return false because no farmer with that id exists" duration="133"/>
    <testCase name="Test suite DAO get farmer by id return a farmer" duration="98"/>
    <testCase name="Test suite DAO get shop employee return false because no email provided" duration="178"/>
    <testCase name="Test suite DAO get shop employee return false because no user with that email exists" duration="131"/>
    <testCase name="Test suite DAO get shop employee return false because wrong psw" duration="217"/>
    <testCase name="Test suite DAO get shop employee return success" duration="262"/>
    <testCase name="Test suite DAO get shop employee by id return false because no shop employee with that id exists" duration="107"/>
    <testCase name="Test suite DAO get shop employee by id return a shop employee" duration="112"/>
  </file>
</testExecutions>