<?xml version="1.0" encoding="UTF-8"?>
<testExecutions version="1">
  <file path="/Users/Khatere/SoftEngII-P08-SPG/server/dao.test.js">
    <testCase name="Test suite DAO the creation of a new booking fails because id client is missing" duration="11"/>
    <testCase name="Test suite DAO the creation of a new booking fails because state is missing" duration="6"/>
    <testCase name="Test suite DAO the creation of a new booking is done" duration="4"/>
    <testCase name="Test suite DAO the creation of a new client fails because email is missing" duration="87"/>
    <testCase name="Test suite DAO the creation of a new client fails because name is missing" duration="96"/>
    <testCase name="Test suite DAO the creation of a new client fails because surname is missing" duration="98"/>
    <testCase name="Test suite DAO the creation of a new client fails because password is missing" duration="2"/>
    <testCase name="Test suite DAO the creation of a new client is done" duration="97"/>
    <testCase name="Test suite DAO get client return false because no email provided" duration="3"/>
    <testCase name="Test suite DAO get client return false because no user with that email exists" duration="4"/>
    <testCase name="Test suite DAO get client return false because wrong password" duration="183"/>
    <testCase name="Test suite DAO get client return success" duration="85"/>
    <testCase name="Test suite DAO get client return -1 because no email provided" duration="3"/>
    <testCase name="Test suite DAO get client return -1 because no user with that email exists" duration="2"/>
    <testCase name="Test suite DAO get client return success" duration="3"/>
    <testCase name="Test suite DAO get client by id return false because no user with that id exists" duration="3"/>
    <testCase name="Test suite DAO get client by id return success" duration="2"/>
    <testCase name="Test suite DAO get farmer return false because no email provided" duration="7"/>
    <testCase name="Test suite DAO get farmer return false because no user with that email exists" duration="2"/>
    <testCase name="Test suite DAO get farmer return false because wrong psw" duration="86"/>
    <testCase name="Test suite DAO get farmer return success" duration="90"/>
    <testCase name="Test suite DAO get farmer by id return false because no farmer with that id exists" duration="2"/>
    <testCase name="Test suite DAO get farmer by id return a farmer" duration="3"/>
    <testCase name="Test suite DAO get shop employee return false because no email provided" duration="3"/>
    <testCase name="Test suite DAO get shop employee return false because no user with that email exists" duration="2"/>
    <testCase name="Test suite DAO get shop employee return false because wrong psw" duration="87"/>
    <testCase name="Test suite DAO get shop employee return success" duration="99"/>
    <testCase name="Test suite DAO get shop employee by id return false because no shop employee with that id exists" duration="8"/>
    <testCase name="Test suite DAO get shop employee by id return a shop employee" duration="6"/>
    <testCase name="get all products success" duration="2"/>
    <testCase name="get all bookings success" duration="1"/>
    <testCase name="updating the wallet failed bacause client was not found" duration="1"/>
    <testCase name="updating the wallet failed bacause client id was not provided" duration="1"/>
    <testCase name="update of wallet balance was successfull" duration="2"/>
  </file>
  <file path="/Users/Khatere/SoftEngII-P08-SPG/server/serverIntegration.test.js">
    <testCase name="Test suite DAO Post booking fail create a new booking fails due to idClient = 0" duration="89"/>
    <testCase name="Test suite DAO Post booking fail create a new booking fails due to idClient = -1" duration="8"/>
    <testCase name="Test suite DAO Post booking success should create a new booking" duration="7"/>
    <testCase name="Test suite DAO Post new client fail create a new client fails due to invalid email" duration="6"/>
    <testCase name="Test suite DAO Post new client fail create a new client fails due to invalid name" duration="10"/>
    <testCase name="Test suite DAO Post new client fail create a new client fails due to invalid surname" duration="6"/>
    <testCase name="Test suite DAO Post new client fail create a new client fails due to invalid password" duration="5"/>
    <testCase name="Test suite DAO Post new client success create a new client success" duration="109"/>
    <testCase name="Test suite DAO Get a wallet fail send a invalid id of client" duration="20">
      <failure message="Error: expect(received).toEqual(expected) // deep equality"><![CDATA[Error: expect(received).toEqual(expected) // deep equality

Expected: 422
Received: 404
    at Object.<anonymous> (/Users/Khatere/SoftEngII-P08-SPG/server/serverIntegration.test.js:146:32)
    at processTicksAndRejections (node:internal/process/task_queues:96:5)]]></failure>
    </testCase>
    <testCase name="Test suite DAO Put a qty of a product send a invalid qty" duration="6"/>
    <testCase name="Test suite DAO Put a qty of a product send a invalid id product" duration="4"/>
    <testCase name="Test suite DAO Put a row in the table BOOKING_PRODUCTS send a invalid Booking id" duration="15"/>
    <testCase name="Test suite DAO Put a row in the table BOOKING_PRODUCTS send a invalid product id" duration="11"/>
    <testCase name="Test suite DAO Put a row in the table BOOKING_PRODUCTS send a invalid qty" duration="5"/>
    <testCase name="Test suite DAO Client Session success send a valid user" duration="100"/>
    <testCase name="Test suite DAO Client Session fails send a wrong psw" duration="82"/>
    <testCase name="Test suite DAO Farmer Session success send a valid user" duration="90"/>
    <testCase name="Test suite DAO Farmer Session fails send a wrong psw" duration="82"/>
    <testCase name="Test suite DAO Shop Employee Session success send a valid user" duration="85"/>
    <testCase name="Test suite DAO Shop Employee Session fails send a wrong psw" duration="80"/>
    <testCase name="Test suite DAO get all products success test get api/products endpoint" duration="6"/>
    <testCase name="Test suite DAO get all bookings success test get api/bookings endpoint" duration="4"/>
    <testCase name="Test suite DAO update wallet balance fails send a negative balance amount" duration="4"/>
    <testCase name="Test suite DAO update wallet balance fails send a client id which does not exist" duration="5"/>
    <testCase name="Test suite DAO update wallet balance fails  do not send a client id " duration="6"/>
    <testCase name="Test suite DAO update wallet balance success send a valid body" duration="9"/>
  </file>
</testExecutions>