<?xml version="1.0" encoding="UTF-8"?>
<testExecutions version="1">
  <file path="C:\Users\rocco\AppData\Roaming\SPB_Data\git\SPG-P08\SoftEngII-P08-SPG\server\dao.test.js">
    <testCase name="Test suite DAO the creation of a new booking fails because id client is missing" duration="46"/>
    <testCase name="Test suite DAO the creation of a new booking fails because state is missing" duration="39"/>
    <testCase name="Test suite DAO the creation of a new booking is done" duration="35"/>
    <testCase name="Test suite DAO the creation of a new client fails because email is missing" duration="122"/>
    <testCase name="Test suite DAO the creation of a new client fails because name is missing" duration="90"/>
    <testCase name="Test suite DAO the creation of a new client fails because surname is missing" duration="97"/>
    <testCase name="Test suite DAO the creation of a new client fails because password is missing" duration="11"/>
    <testCase name="Test suite DAO the creation of a new client is done" duration="115"/>
    <testCase name="Test suite DAO get client return false because no email provided" duration="23"/>
    <testCase name="Test suite DAO get client return false because no user with that email exists" duration="11"/>
    <testCase name="Test suite DAO get client return false because wrong password" duration="270"/>
    <testCase name="Test suite DAO get client return success" duration="114"/>
    <testCase name="Test suite DAO get client return -1 because no email provided" duration="19"/>
    <testCase name="Test suite DAO get client return -1 because no user with that email exists" duration="10"/>
    <testCase name="Test suite DAO get client return success" duration="10"/>
    <testCase name="Test suite DAO get client by id return false because no user with that id exists" duration="15"/>
    <testCase name="Test suite DAO get client by id return success" duration="12"/>
    <testCase name="Test suite DAO get farmer return false because no email provided" duration="13"/>
    <testCase name="Test suite DAO get farmer return false because no user with that email exists" duration="12"/>
    <testCase name="Test suite DAO get farmer return false because wrong psw" duration="115"/>
    <testCase name="Test suite DAO get farmer return success" duration="113"/>
    <testCase name="Test suite DAO get farmer by id return false because no farmer with that id exists" duration="17"/>
    <testCase name="Test suite DAO get farmer by id return a farmer" duration="12"/>
    <testCase name="Test suite DAO get shop employee return false because no email provided" duration="15"/>
    <testCase name="Test suite DAO get shop employee return false because no user with that email exists" duration="13"/>
    <testCase name="Test suite DAO get shop employee return false because wrong psw" duration="110"/>
    <testCase name="Test suite DAO get shop employee return success" duration="95"/>
    <testCase name="Test suite DAO get shop employee by id return false because no shop employee with that id exists" duration="15"/>
    <testCase name="Test suite DAO get shop employee by id return a shop employee" duration="19"/>
  </file>
  <file path="C:\Users\rocco\AppData\Roaming\SPB_Data\git\SPG-P08\SoftEngII-P08-SPG\server\serverIntegration.test.js">
    <testCase name="Test suite DAO Post booking fail create a new booking fails due to idClient = 0" duration="137"/>
    <testCase name="Test suite DAO Post booking fail create a new booking fails due to idClient = -1" duration="10"/>
    <testCase name="Test suite DAO Post booking success should create a new booking" duration="27"/>
    <testCase name="Test suite DAO Post new client fail create a new client fails due to invalid email" duration="9"/>
    <testCase name="Test suite DAO Post new client fail create a new client fails due to invalid name" duration="15"/>
    <testCase name="Test suite DAO Post new client fail create a new client fails due to invalid surname" duration="25"/>
    <testCase name="Test suite DAO Post new client fail create a new client fails due to invalid password" duration="11"/>
    <testCase name="Test suite DAO Post new client success create a new client success" duration="148"/>
    <testCase name="Test suite DAO Get a wallet fail send a invalid id of client" duration="59"/>
    <testCase name="Test suite DAO Put a qty of a product send a invalid qty" duration="10"/>
    <testCase name="Test suite DAO Put a qty of a product send a invalid id product" duration="18"/>
    <testCase name="Test suite DAO Put a row in the table BOOKING_PRODUCTS send a invalid Booking id" duration="14"/>
    <testCase name="Test suite DAO Put a row in the table BOOKING_PRODUCTS send a invalid product id" duration="18"/>
    <testCase name="Test suite DAO Put a row in the table BOOKING_PRODUCTS send a invalid qty" duration="8"/>
    <testCase name="Test suite DAO Client Session success send a valid user" duration="107"/>
    <testCase name="Test suite DAO Client Session fails send a wrong psw" duration="102"/>
    <testCase name="Test suite DAO Farmer Session success send a valid user" duration="115"/>
    <testCase name="Test suite DAO Farmer Session fails send a wrong psw" duration="117"/>
    <testCase name="Test suite DAO Shop Employee Session success send a valid user" duration="138"/>
    <testCase name="Test suite DAO Shop Employee Session fails send a wrong psw" duration="116"/>
  </file>
</testExecutions>