<?xml version="1.0" encoding="UTF-8"?>
<testExecutions version="1">
  <file path="/Users/Khatere/SoftEngII-P08-SPG/server/dao.test.js">
    <testCase name="Test suite DAO the creation of a new booking fails because id client is missing" duration="19"/>
    <testCase name="Test suite DAO the creation of a new booking fails because state is missing" duration="8"/>
    <testCase name="Test suite DAO the creation of a new booking is done" duration="11"/>
    <testCase name="Test suite DAO the creation of a new client fails because email is missing" duration="158"/>
    <testCase name="Test suite DAO the creation of a new client fails because name is missing" duration="192"/>
    <testCase name="Test suite DAO the creation of a new client fails because surname is missing" duration="150"/>
    <testCase name="Test suite DAO the creation of a new client fails because password is missing" duration="3"/>
    <testCase name="Test suite DAO the creation of a new client is done" duration="100"/>
    <testCase name="Test suite DAO get client return false because no email provided" duration="12"/>
    <testCase name="Test suite DAO get client return false because no user with that email exists" duration="4"/>
    <testCase name="Test suite DAO get client return false because wrong password" duration="226"/>
    <testCase name="Test suite DAO get client return success" duration="120"/>
    <testCase name="Test suite DAO get client return -1 because no email provided" duration="11"/>
    <testCase name="Test suite DAO get client return -1 because no user with that email exists" duration="1"/>
    <testCase name="Test suite DAO get client return success" duration="7"/>
    <testCase name="Test suite DAO get client return success" duration="3"/>
    <testCase name="Test suite DAO get clients preparation return success" duration="17"/>
    <testCase name="Test suite DAO get categories return success" duration="2"/>
    <testCase name="Test suite DAO get client by id return false because no user with that id exists" duration="2"/>
    <testCase name="Test suite DAO get client by id return success" duration="3"/>
    <testCase name="Test suite DAO get products expected by farmer id return empty array because no farmer with that id exists" duration="6"/>
    <testCase name="Test suite DAO get products expected by farmer return success" duration="2"/>
    <testCase name="Test suite DAO get farmer return false because no email provided" duration="3"/>
    <testCase name="Test suite DAO get farmer return false because no user with that email exists" duration="5"/>
    <testCase name="Test suite DAO get farmer return false because wrong psw" duration="102"/>
    <testCase name="Test suite DAO get farmer return success" duration="86"/>
    <testCase name="Test suite DAO get farmer by id return false because no farmer with that id exists" duration="3"/>
    <testCase name="Test suite DAO get farmer by id return a farmer" duration="6"/>
    <testCase name="Test suite DAO get shop employee return false because no email provided" duration="5"/>
    <testCase name="Test suite DAO get shop employee return false because no user with that email exists" duration="4"/>
    <testCase name="Test suite DAO get shop employee return false because wrong psw" duration="89"/>
    <testCase name="Test suite DAO get shop employee return success" duration="95"/>
    <testCase name="Test suite DAO get manager return false because no email provided" duration="3"/>
    <testCase name="Test suite DAO get manager return false because no user with that email exists" duration="3"/>
    <testCase name="Test suite DAO get manager return false because wrong psw" duration="137"/>
    <testCase name="Test suite DAO getManager return success" duration="111"/>
    <testCase name="Test suite DAO get wh manager return false because no email provided" duration="5"/>
    <testCase name="Test suite DAO get wh manager return false because no user with that email exists" duration="19"/>
    <testCase name="Test suite DAO get wh manager return false because wrong psw" duration="109"/>
    <testCase name="Test suite DAO get wh Manager return success" duration="95"/>
    <testCase name="Test suite DAO get shop employee by id return false because no shop employee with that id exists" duration="2"/>
    <testCase name="Test suite DAO get shop employee by id return a shop employee" duration="3"/>
    <testCase name="Test suite DAO get warehouse manager by id return false because no wh manager with that id exists" duration="3"/>
    <testCase name="Test suite DAO get warehouse manager by id return a warehouse manager" duration="2"/>
    <testCase name="Test suite DAO get manager by id return false because no manager with that id exists" duration="2"/>
    <testCase name="Test suite DAO get manager by id return a manager" duration="2"/>
    <testCase name="Test suite DAO get warehouse worker by id return false because no shop worker with that id exists" duration="5"/>
    <testCase name="Test suite DAO get shop employee by id return a warehouse worker" duration="3"/>
    <testCase name="Test suite DAO get warehouse worker return false because no email provided" duration="4"/>
    <testCase name="Test suite DAO get warehouse worker return false because no user with that email exists" duration="2"/>
    <testCase name="Test suite DAO get warehouse worker return false because wrong psw" duration="128"/>
    <testCase name="Test suite DAO get warehouse worker return success" duration="123"/>
    <testCase name="Test suite DAO get all products success" duration="6"/>
    <testCase name="Test suite DAO get all all CONFIRMED products for a particular farmer success" duration="3"/>
    <testCase name="Test suite DAO get all bookings success" duration="2"/>
    <testCase name="Test suite DAO get all bookings modes in preparation success" duration="3"/>
    <testCase name="Test suite DAO get all the records from BOOKING_MODE table WHERE delivery = 0 and state = NEW" duration="1"/>
    <testCase name="Test suite DAO get all bookings for a client success" duration="4"/>
    <testCase name="Test suite DAO get all bookings for a non-existing client success" duration="3"/>
    <testCase name="Test suite DAO the creation of a new booking mode success" duration="4"/>
    <testCase name="Test suite DAO updating the wallet failed bacause client was not found" duration="12"/>
    <testCase name="Test suite DAO updating the wallet failed bacause client id was not provided" duration="1"/>
    <testCase name="Test suite DAO update of wallet balance was successfull" duration="2"/>
    <testCase name="Test suite DAO Creation of wallet with balance= 0.0 was successfull" duration="4"/>
    <testCase name="Test suite DAO Creation of wallet fails,id 1 already exists" duration="3"/>
    <testCase name="Test suite DAO Edit the state of a booking with a valid request" duration="12"/>
    <testCase name="Test suite DAO create a row in the booking product table" duration="4"/>
    <testCase name="Test suite DAO get all bookings with pendingcancelation state" duration="4"/>
    <testCase name="Test suite DAO Insert a new Product expected without a field category" duration="3"/>
    <testCase name="Test suite DAO INSERT into Product_WEEK by receiving a product confirmed by farmer with state = CONFIRMED success" duration="6"/>
    <testCase name="Test suite DAO edit state of a product receiving an array with id-state" duration="4"/>
    <testCase name="Test suite DAO increment qty of a product success" duration="1"/>
    <testCase name="Test suite DAO delete a product with a given id success" duration="1"/>
    <testCase name="Test suite DAO delete a booking product success" duration="1"/>
    <testCase name="Test suite DAO get all acks with NEW state success" duration="9"/>
    <testCase name="Test suite DAO the creation of ack success" duration="8"/>
    <testCase name="Test suite DAO get all bookings for a particular client with the booked state " duration="9"/>
    <testCase name="Test suite DAO GET all the product associated to a particular booking" duration="1"/>
    <testCase name="Test suite DAO get missed pickups total count for a customer " duration="1"/>
    <testCase name="Test suite DAO find a client id given the his booking id" duration="2"/>
    <testCase name="Test suite DAO updating the client missedcount number" duration="9"/>
    <testCase name="Test suite DAO updating the client  suspension Date" duration="7"/>
  </file>
  <file path="/Users/Khatere/SoftEngII-P08-SPG/server/serverIntegration.test.js">
    <testCase name="Test suite Integration Server Get id Client by email get with a valid email" duration="91"/>
    <testCase name="Test suite Integration Server Get id Client by email get with an invalid email" duration="8"/>
    <testCase name="Test suite Integration Server Create a Acknowledge send a invalid id farmer" duration="6"/>
    <testCase name="Test suite Integration Server Decrement the qty of a product send a valid body" duration="8"/>
    <testCase name="Test suite Integration Server edit the state of a product send a invalid state" duration="7"/>
    <testCase name="Test suite Integration Server edit the state of a product send a invalid id product" duration="5"/>
    <testCase name="Test suite Integration Server edit the state of a product send a valid body" duration="5"/>
    <testCase name="Test suite Integration Server insert tuples in PRODUCT_WEEK send a valid body" duration="9"/>
    <testCase name="Test suite Integration Server insert tuples in PRODUCT_WEEK send a invalid category" duration="7"/>
    <testCase name="Test suite Integration Server insert tuples in PRODUCT_WEEK send a invalid price" duration="7"/>
    <testCase name="Test suite Integration Server insert tuples in PRODUCT_WEEK send a invalid farmer id" duration="5"/>
    <testCase name="Test suite Integration Server insert tuples in PRODUCT_WEEK send a invalid qty" duration="7"/>
    <testCase name="Test suite Integration Server insert tuples in PRODUCT_WEEK send a invalid size" duration="5"/>
    <testCase name="Test suite Integration Server insert tuples in PRODUCT_WEEK send a invalid size" duration="5"/>
    <testCase name="Test suite Integration Server edit state of a ack send a valid body" duration="10"/>
    <testCase name="Test suite Integration Server edit state of a ack send a invalid id" duration="20"/>
    <testCase name="Test suite Integration Server get all bookings of a client rigth get" duration="20"/>
    <testCase name="Test suite Integration Server update the state of booking mode send a valid body" duration="12"/>
    <testCase name="Test suite Integration Server update the state of booking mode send a invalid id" duration="7"/>
    <testCase name="Test suite Integration Server Post new client create a new client but the client email already used" duration="100"/>
    <testCase name="Test suite Integration Server Post booking fail create a new booking fails due to idClient = 0" duration="8"/>
    <testCase name="Test suite Integration Server Post booking fail create a new booking fails due to idClient = -1" duration="4"/>
    <testCase name="Test suite Integration Server Post booking success should create a new booking" duration="8"/>
    <testCase name="Test suite Integration Server Post booking mode success should create a new booking mode" duration="9"/>
    <testCase name="Test suite Integration Server updating booking mode status success should update a booking mode status to PREPERATION" duration="9"/>
    <testCase name="Test suite Integration Server Post new client fail create a new client fails due to invalid email" duration="4"/>
    <testCase name="Test suite Integration Server Post new client fail create a new client fails due to invalid name" duration="4"/>
    <testCase name="Test suite Integration Server Post new client fail create a new client fails due to invalid surname" duration="6"/>
    <testCase name="Test suite Integration Server Post new client fail create a new client fails due to invalid password" duration="4"/>
    <testCase name="Test suite Integration Server Post new client success create a new client success" duration="100"/>
    <testCase name="Test suite Integration Server Get a wallet fail send a invalid id of client" duration="7"/>
    <testCase name="Test suite Integration Server Put a qty of a product send a invalid qty" duration="9"/>
    <testCase name="Test suite Integration Server Put a qty of a product send a invalid id product" duration="5"/>
    <testCase name="Test suite Integration Server increment product qty send an invalid qty" duration="4"/>
    <testCase name="Test suite Integration Server increment product qty send an invalid id product" duration="6"/>
    <testCase name="Test suite Integration Server increment product qty send a valid request body" duration="4"/>
    <testCase name="Test suite Integration Server delete a product send an invalid product id" duration="4"/>
    <testCase name="Test suite Integration Server insert a product POST /api/farmers/:farmerid/products success" duration="7"/>
    <testCase name="Test suite Integration Server insert a product POST /api/farmers/:farmerid/products fail for wrong category id" duration="5"/>
    <testCase name="Test suite Integration Server insert a product POST /api/farmers/:farmerid/products fail for wrong price" duration="12"/>
    <testCase name="Test suite Integration Server insert a product POST /api/farmers/:farmerid/products fail for wrong farmer id" duration="5"/>
    <testCase name="Test suite Integration Server insert a product POST /api/farmers/:farmerid/products fail for wrong quantity" duration="6"/>
    <testCase name="Test suite Integration Server insert a product POST /api/farmers/:farmerid/products fail for wrong quantity" duration="5"/>
    <testCase name="Test suite Integration Server insert a product POST /api/farmers/:farmerid/products fail for wrong unit of measure" duration="4"/>
    <testCase name="Test suite Integration Server insert a product POST /api/farmers/:farmerid/products success" duration="11"/>
    <testCase name="Test suite Integration Server insert a product POST /api/farmers/:farmerid/products fail for wrong category id" duration="10"/>
    <testCase name="Test suite Integration Server insert a product POST /api/farmers/:farmerid/products fail for wrong price" duration="9"/>
    <testCase name="Test suite Integration Server insert a product POST /api/farmers/:farmerid/products fail for wrong farmer id" duration="17"/>
    <testCase name="Test suite Integration Server insert a product POST /api/farmers/:farmerid/products fail for wrong quantity" duration="7"/>
    <testCase name="Test suite Integration Server insert a product POST /api/farmers/:farmerid/products fail for wrong quantity" duration="10"/>
    <testCase name="Test suite Integration Server insert a product POST /api/farmers/:farmerid/products fail for wrong unit of measure" duration="5"/>
    <testCase name="Test suite Integration Server delete a product send a valid product id" duration="13"/>
    <testCase name="Test suite Integration Server Put a row in the table BOOKING_PRODUCTS send a invalid Booking id" duration="4"/>
    <testCase name="Test suite Integration Server delete a booking product send a valid product id and booking id" duration="14"/>
    <testCase name="Test suite Integration Server Put a row in the table BOOKING_PRODUCTS send a invalid product id" duration="4"/>
    <testCase name="Test suite Integration Server Put a row in the table BOOKING_PRODUCTS send a invalid qty" duration="8"/>
    <testCase name="Test suite Integration Server Client Session success send a valid user" duration="111"/>
    <testCase name="Test suite Integration Server Client Session fails send a wrong psw" duration="84"/>
    <testCase name="Test suite Integration Server Get client by email success send a valid email" duration="5"/>
    <testCase name="Test suite Integration Server Get client by email fails don&apos;t send an email" duration="3"/>
    <testCase name="Test suite Integration Server Get client by email fails send a wrong email" duration="4"/>
    <testCase name="Test suite Integration Server Get clients success ask the list of clients" duration="6"/>
    <testCase name="Test suite Integration Server Get clients preparation success ask the list of clients with products in preparation" duration="9"/>
    <testCase name="Test suite Integration Server Get categories success ask the list of categories" duration="28"/>
    <testCase name="Test suite Integration Server Farmer Session success send a valid user" duration="117"/>
    <testCase name="Test suite Integration Server Farmer Session fails send a wrong psw" duration="84"/>
    <testCase name="Test suite Integration Server Shop Employee Session success send a valid user" duration="90"/>
    <testCase name="Test suite Integration Server Shop Employee Session fails send a wrong psw" duration="83"/>
    <testCase name="Test suite Integration Server Warehouse worker Session success send a valid user" duration="89"/>
    <testCase name="Test suite Integration Server Warehouse worker Session fails send a wrong psw" duration="83"/>
    <testCase name="Test suite Integration Server get all products success test get api/products endpoint" duration="5"/>
    <testCase name="Test suite Integration Server get all CONFIRMED products for a particular farmer success test //GET /api/products/farmers/:id success" duration="5"/>
    <testCase name="Test suite Integration Server get all CONFIRMED products for a particular farmer success test //GET /api/products/farmers/:id fail" duration="4"/>
    <testCase name="Test suite Integration Server get all products expected by farmer id success test get /api/farmers/:farmerid/products_expected endpoint fail" duration="6"/>
    <testCase name="Test suite Integration Server get all products expected by farmer id success test get /api/farmers/:farmerid/products_expected endpoint" duration="6"/>
    <testCase name="Test suite Integration Server get all confirmed products expected by farmer id success test get /api/products/farmers/1 endpoint" duration="5"/>
    <testCase name="Test suite Integration Server get all bookings success test get api/bookings endpoint" duration="14"/>
    <testCase name="Test suite Integration Server Get all the bookings from BOOKING_MODE with delivery = 0 and state = PREPARATION test GET /api/bookingModesPreparation" duration="16"/>
    <testCase name="Test suite Integration Server Get all the records from BOOKING_MODE table WHERE delivery = 0 and state = NEW test /api/bookingModesNew/pickup" duration="5"/>
    <testCase name="Test suite Integration Server get all bookings for a client success test get api/bookings/clients/1 endpoint" duration="7"/>
    <testCase name="Test suite Integration Server get all bookings for a non-existing client success test get api/bookings/clients/100 endpoint" duration="4"/>
    <testCase name="Test suite Integration Server update wallet balance fails send a negative balance amount" duration="6"/>
    <testCase name="Test suite Integration Server update wallet balance fails send a client id which does not exist" duration="6"/>
    <testCase name="Test suite Integration Server update wallet balance fails  do not send a client id " duration="5"/>
    <testCase name="Test suite Integration Server update wallet balance success send a valid body" duration="36"/>
    <testCase name="Test suite Integration Server edit the state of a booking send a invalid id booking" duration="28"/>
    <testCase name="Test suite Integration Server edit the state of a booking send a valid body" duration="6"/>
    <testCase name="Test suite Integration Server get all bookings with PENDINGCANCELATION state test /api/bookingsPendingCancelation endpoint" duration="7"/>
    <testCase name="Test suite Integration Server Post ack success should create a new ack" duration="12"/>
    <testCase name="Test suite Integration Server get acks with state NEW success should retrieve a list of acks with state NEW" duration="7"/>
    <testCase name="Test suite Integration Server Put products with new state right put with all right fields" duration="5"/>
    <testCase name="Test suite Integration Server Put products with new state wrong put with a element without id field" duration="9"/>
    <testCase name="Test suite Integration Server Put products with new state wrong put with a invalid id" duration="4"/>
    <testCase name="Test suite Integration Server get all bookings of a client with the booked state get with a valid id" duration="5"/>
    <testCase name="Test suite Integration Server get all bookings of a client with the booked state get with a invalid id" duration="4"/>
    <testCase name="Test suite Integration Server get all products of a particular booking get with a valid id" duration="56"/>
    <testCase name="Test suite Integration Server get all products of a particular booking get with a invalid id" duration="9"/>
  </file>
</testExecutions>