<?xml version="1.0" encoding="UTF-8"?>
<testExecutions version="1">
  <file path="C:\Users\rocco\AppData\Roaming\SPB_Data\git\SPG-P08\SoftEngII-P08-SPG\server\dao.test.js">
    <testCase name="Test suite DAO the creation of a new booking fails because id client is missing" duration="81"/>
    <testCase name="Test suite DAO the creation of a new booking fails because state is missing" duration="2"/>
    <testCase name="Test suite DAO the creation of a new booking is done" duration="93"/>
    <testCase name="Test suite DAO the creation of a new client fails because email is missing" duration="36"/>
    <testCase name="Test suite DAO the creation of a new client fails because name is missing" duration="3"/>
    <testCase name="Test suite DAO the creation of a new client fails because surname is missing" duration="37"/>
    <testCase name="Test suite DAO the creation of a new client fails because password is missing" duration="2"/>
    <testCase name="Test suite DAO the creation of a new client is done" duration="70"/>
    <testCase name="Test suite DAO get client return false because no email provided" duration="42"/>
    <testCase name="Test suite DAO get client return false because no user with that email exists" duration="2"/>
    <testCase name="Test suite DAO get client return false because wrong password" duration="134"/>
    <testCase name="Test suite DAO get client return success" duration="86"/>
  </file>
</testExecutions>