<?xml version="1.0" encoding="UTF-8"?>
<testExecutions version="1">
  <file path="/Users/Khatere/SoftEngII-P08-SPG/server/serverIntegration.test.js">
  </file>
  <file path="/Users/Khatere/SoftEngII-P08-SPG/server/dao.test.js">
  </file>
</testExecutions>