<?xml version="1.0" encoding="UTF-8"?>
<testExecutions version="1">
  <file path="C:\Users\rocco\AppData\Roaming\SPB_Data\git\SPG-P08\SoftEngII-P08-SPG\server\dao.test.js">
    <testCase name="Test suite DAO the creation of a new booking fails because id client is missing" duration="26"/>
    <testCase name="Test suite DAO the creation of a new booking fails because state is missing" duration="13"/>
    <testCase name="Test suite DAO the creation of a new booking is done" duration="32"/>
    <testCase name="Test suite DAO the creation of a new client fails because email is missing" duration="105"/>
    <testCase name="Test suite DAO the creation of a new client fails because name is missing" duration="829"/>
    <testCase name="Test suite DAO the creation of a new client fails because surname is missing" duration="1640"/>
    <testCase name="Test suite DAO the creation of a new client fails because password is missing" duration="266"/>
    <testCase name="Test suite DAO the creation of a new client is done" duration="212"/>
    <testCase name="Test suite DAO get client return false because no email provided" duration="18"/>
    <testCase name="Test suite DAO get client return false because no user with that email exists" duration="15"/>
    <testCase name="Test suite DAO get client return false because wrong password" duration="253"/>
    <testCase name="Test suite DAO get client return success" duration="126"/>
    <testCase name="Test suite DAO get client return -1 because no email provided" duration="15"/>
    <testCase name="Test suite DAO get client return -1 because no user with that email exists" duration="15"/>
    <testCase name="Test suite DAO get client return success" duration="11"/>
    <testCase name="Test suite DAO get client return success" duration="12"/>
    <testCase name="Test suite DAO get client by id return false because no user with that id exists" duration="21"/>
    <testCase name="Test suite DAO get client by id return success" duration="17"/>
    <testCase name="Test suite DAO get farmer return false because no email provided" duration="18"/>
    <testCase name="Test suite DAO get farmer return false because no user with that email exists" duration="14"/>
    <testCase name="Test suite DAO get farmer return false because wrong psw" duration="100"/>
    <testCase name="Test suite DAO get farmer return success" duration="142"/>
    <testCase name="Test suite DAO get farmer by id return false because no farmer with that id exists" duration="21"/>
    <testCase name="Test suite DAO get farmer by id return a farmer" duration="26"/>
    <testCase name="Test suite DAO get shop employee return false because no email provided" duration="17"/>
    <testCase name="Test suite DAO get shop employee return false because no user with that email exists" duration="14"/>
    <testCase name="Test suite DAO get shop employee return false because wrong psw" duration="107"/>
    <testCase name="Test suite DAO get shop employee return success" duration="111"/>
    <testCase name="Test suite DAO get shop employee by id return false because no shop employee with that id exists" duration="14"/>
    <testCase name="Test suite DAO get shop employee by id return a shop employee" duration="17"/>
    <testCase name="get all products success" duration="3"/>
    <testCase name="get all bookings success" duration="43"/>
    <testCase name="updating the wallet failed bacause client was not found" duration="3"/>
    <testCase name="updating the wallet failed bacause client id was not provided" duration="1"/>
    <testCase name="update of wallet balance was successfull" duration="13"/>
    <testCase name="Creation of wallet with balance= 0.0 was successfull" duration="13"/>
    <testCase name="Creation of wallet fails,id 1 already exists" duration="1"/>
    <testCase name="Edit the state of a booking with non-existent id" duration="2"/>
  </file>
  <file path="C:\Users\rocco\AppData\Roaming\SPB_Data\git\SPG-P08\SoftEngII-P08-SPG\server\serverIntegration.test.js">
    <testCase name="Test suite Integration Server Post booking fail create a new booking fails due to idClient = 0" duration="114">
      <failure message="Error: listen EADDRINUSE: address already in use :::3001"><![CDATA[Error: listen EADDRINUSE: address already in use :::3001
    at Server.setupListenHandle [as _listen2] (net.js:1318:16)
    at listenInCluster (net.js:1366:12)
    at Server.listen (net.js:1452:7)
    at Function.listen (C:\Users\rocco\AppData\Roaming\SPB_Data\git\SPG-P08\SoftEngII-P08-SPG\server\node_modules\express\lib\application.js:618:24)
    at Object.<anonymous> (C:\Users\rocco\AppData\Roaming\SPB_Data\git\SPG-P08\SoftEngII-P08-SPG\server\server.js:522:20)
    at Runtime._execModule (C:\Users\rocco\AppData\Roaming\SPB_Data\git\SPG-P08\SoftEngII-P08-SPG\server\node_modules\jest-runtime\build\index.js:1646:24)
    at Runtime._loadModule (C:\Users\rocco\AppData\Roaming\SPB_Data\git\SPG-P08\SoftEngII-P08-SPG\server\node_modules\jest-runtime\build\index.js:1185:12)
    at Runtime.requireModule (C:\Users\rocco\AppData\Roaming\SPB_Data\git\SPG-P08\SoftEngII-P08-SPG\server\node_modules\jest-runtime\build\index.js:1009:12)
    at Runtime.require [as requireModuleOrMock] (C:\Users\rocco\AppData\Roaming\SPB_Data\git\SPG-P08\SoftEngII-P08-SPG\server\node_modules\jest-runtime\build\index.js:1210:21)
    at Object.<anonymous> (C:\Users\rocco\AppData\Roaming\SPB_Data\git\SPG-P08\SoftEngII-P08-SPG\server\serverIntegration.test.js:4:16)]]></failure>
    </testCase>
    <testCase name="Test suite Integration Server Post booking fail create a new booking fails due to idClient = -1" duration="9"/>
    <testCase name="Test suite Integration Server Post booking success should create a new booking" duration="1617"/>
    <testCase name="Test suite Integration Server Post new client fail create a new client fails due to invalid email" duration="14"/>
    <testCase name="Test suite Integration Server Post new client fail create a new client fails due to invalid name" duration="33"/>
    <testCase name="Test suite Integration Server Post new client fail create a new client fails due to invalid surname" duration="20"/>
    <testCase name="Test suite Integration Server Post new client fail create a new client fails due to invalid password" duration="23"/>
    <testCase name="Test suite Integration Server Post new client success create a new client success" duration="236"/>
    <testCase name="Test suite Integration Server Get a wallet fail send a invalid id of client" duration="11"/>
    <testCase name="Test suite Integration Server Put a qty of a product send a invalid qty" duration="36"/>
    <testCase name="Test suite Integration Server Put a qty of a product send a invalid id product" duration="47"/>
    <testCase name="Test suite Integration Server Put a row in the table BOOKING_PRODUCTS send a invalid Booking id" duration="10"/>
    <testCase name="Test suite Integration Server Put a row in the table BOOKING_PRODUCTS send a invalid product id" duration="21"/>
    <testCase name="Test suite Integration Server Put a row in the table BOOKING_PRODUCTS send a invalid qty" duration="33"/>
    <testCase name="Test suite Integration Server Client Session success send a valid user" duration="166"/>
    <testCase name="Test suite Integration Server Client Session fails send a wrong psw" duration="121"/>
    <testCase name="Test suite Integration Server Get client by email success send a valid email" duration="23"/>
    <testCase name="Test suite Integration Server Get client by email fails don&apos;t send an email" duration="23"/>
    <testCase name="Test suite Integration Server Get client by email fails send a wrong email" duration="21"/>
    <testCase name="Test suite Integration Server Get clients success ask the list of clients" duration="20"/>
    <testCase name="Test suite Integration Server Farmer Session success send a valid user" duration="149"/>
    <testCase name="Test suite Integration Server Farmer Session fails send a wrong psw" duration="112"/>
    <testCase name="Test suite Integration Server Shop Employee Session success send a valid user" duration="119"/>
    <testCase name="Test suite Integration Server Shop Employee Session fails send a wrong psw" duration="255"/>
    <testCase name="Test suite Integration Server get all products success test get api/products endpoint" duration="23"/>
    <testCase name="Test suite Integration Server get all bookings success test get api/bookings endpoint" duration="21"/>
    <testCase name="Test suite Integration Server update wallet balance fails send a negative balance amount" duration="11"/>
    <testCase name="Test suite Integration Server update wallet balance fails send a client id which does not exist" duration="21"/>
    <testCase name="Test suite Integration Server update wallet balance fails  do not send a client id " duration="18"/>
    <testCase name="Test suite Integration Server update wallet balance success send a valid body" duration="53"/>
    <testCase name="Test suite Integration Server edit the state of a booking send a invalid id booking" duration="26"/>
    <testCase name="Test suite Integration Server edit the state of a booking send a valid body" duration="20"/>
  </file>
</testExecutions>