<?xml version="1.0" encoding="UTF-8"?>
<testExecutions version="1">
  <file path="C:\Users\dadix\Desktop\scuola\magistrale\sofEngII\SPG3\SoftEngII-P08-SPG\server\dao.test.js">
    <testCase name="Test suite DAO the creation of a new booking fails because id client is missing" duration="136"/>
  </file>
  <file path="C:\Users\dadix\Desktop\scuola\magistrale\sofEngII\SPG3\SoftEngII-P08-SPG\server\serverIntegration.test.js">
    <testCase name="Test suite Integration Server Get id Client by email get with a valid email" duration="111"/>
    <testCase name="Test suite Integration Server Create a Acknowledge send a invalid id farmer" duration="9"/>
    <testCase name="Test suite Integration Server Decrement the qty of a product send a valid body" duration="152"/>
    <testCase name="Test suite Integration Server edit the state of a product send a invalid state" duration="159"/>
    <testCase name="Test suite Integration Server edit the state of a product send a invalid id product" duration="17"/>
    <testCase name="Test suite Integration Server edit the state of a product send a valid body" duration="13"/>
    <testCase name="Test suite Integration Server insert tuples in PRODUCT_WEEK send a valid body" duration="156"/>
  </file>
</testExecutions>