<?xml version="1.0" encoding="UTF-8"?>
<testExecutions version="1">
  <file path="C:\Users\rocco\AppData\Roaming\SPB_Data\git\SPG-P08\SoftEngII-P08-SPG\server\dao.test.js">
    <testCase name="Test suite DAO the creation of a new booking fails because id client is missing" duration="47"/>
    <testCase name="Test suite DAO the creation of a new booking fails because state is missing" duration="12"/>
    <testCase name="Test suite DAO the creation of a new booking is done" duration="41"/>
    <testCase name="Test suite DAO the creation of a new client fails because email is missing" duration="91"/>
    <testCase name="Test suite DAO the creation of a new client fails because name is missing" duration="87"/>
    <testCase name="Test suite DAO the creation of a new client fails because surname is missing" duration="96"/>
    <testCase name="Test suite DAO the creation of a new client fails because password is missing" duration="12"/>
    <testCase name="Test suite DAO the creation of a new client is done" duration="108"/>
    <testCase name="Test suite DAO get client return false because no email provided" duration="32"/>
    <testCase name="Test suite DAO get client return false because no user with that email exists" duration="12"/>
    <testCase name="Test suite DAO get client return false because wrong password" duration="187"/>
    <testCase name="Test suite DAO get client return success" duration="105"/>
    <testCase name="Test suite DAO get client return -1 because no email provided" duration="15"/>
    <testCase name="Test suite DAO get client return -1 because no user with that email exists" duration="13"/>
    <testCase name="Test suite DAO get client return success" duration="13"/>
    <testCase name="Test suite DAO get client return success" duration="14"/>
    <testCase name="Test suite DAO get client by id return false because no user with that id exists" duration="13"/>
    <testCase name="Test suite DAO get client by id return success" duration="12"/>
    <testCase name="Test suite DAO get farmer return false because no email provided" duration="12"/>
    <testCase name="Test suite DAO get farmer return false because no user with that email exists" duration="11"/>
    <testCase name="Test suite DAO get farmer return false because wrong psw" duration="109"/>
    <testCase name="Test suite DAO get farmer return success" duration="87"/>
    <testCase name="Test suite DAO get farmer by id return false because no farmer with that id exists" duration="13"/>
    <testCase name="Test suite DAO get farmer by id return a farmer" duration="11"/>
    <testCase name="Test suite DAO get shop employee return false because no email provided" duration="14"/>
    <testCase name="Test suite DAO get shop employee return false because no user with that email exists" duration="13"/>
    <testCase name="Test suite DAO get shop employee return false because wrong psw" duration="97"/>
    <testCase name="Test suite DAO get shop employee return success" duration="105"/>
    <testCase name="Test suite DAO get shop employee by id return false because no shop employee with that id exists" duration="17"/>
    <testCase name="Test suite DAO get shop employee by id return a shop employee" duration="16"/>
    <testCase name="get all products success" duration="2"/>
    <testCase name="get all bookings success" duration="10">
      <failure message="Error: expect(received).resolves.toEqual(expected) // deep equality"><![CDATA[Error: expect(received).resolves.toEqual(expected) // deep equality

- Expected  - 11
+ Received  +  1

- Array [
-   Object {
-     "email": "marco.bianchi@mail.it",
-     "id": 1,
-     "name": "Marco",
-     "product": "Mele",
-     "qty": 3,
-     "state": "PENDING",
-     "surname": "Bianchi",
-   },
- ]
+ Array []
    at Object.toEqual (C:\Users\rocco\AppData\Roaming\SPB_Data\git\SPG-P08\SoftEngII-P08-SPG\server\node_modules\expect\build\index.js:242:22)
    at Object.<anonymous> (C:\Users\rocco\AppData\Roaming\SPB_Data\git\SPG-P08\SoftEngII-P08-SPG\server\dao.test.js:290:48)
    at Promise.then.completed (C:\Users\rocco\AppData\Roaming\SPB_Data\git\SPG-P08\SoftEngII-P08-SPG\server\node_modules\jest-circus\build\utils.js:390:28)
    at new Promise (<anonymous>)
    at callAsyncCircusFn (C:\Users\rocco\AppData\Roaming\SPB_Data\git\SPG-P08\SoftEngII-P08-SPG\server\node_modules\jest-circus\build\utils.js:315:10)
    at _callCircusTest (C:\Users\rocco\AppData\Roaming\SPB_Data\git\SPG-P08\SoftEngII-P08-SPG\server\node_modules\jest-circus\build\run.js:218:40)
    at _runTest (C:\Users\rocco\AppData\Roaming\SPB_Data\git\SPG-P08\SoftEngII-P08-SPG\server\node_modules\jest-circus\build\run.js:155:3)
    at _runTestsForDescribeBlock (C:\Users\rocco\AppData\Roaming\SPB_Data\git\SPG-P08\SoftEngII-P08-SPG\server\node_modules\jest-circus\build\run.js:66:9)
    at run (C:\Users\rocco\AppData\Roaming\SPB_Data\git\SPG-P08\SoftEngII-P08-SPG\server\node_modules\jest-circus\build\run.js:25:3)
    at runAndTransformResultsToJestFormat (C:\Users\rocco\AppData\Roaming\SPB_Data\git\SPG-P08\SoftEngII-P08-SPG\server\node_modules\jest-circus\build\legacy-code-todo-rewrite\jestAdapterInit.js:167:21)]]></failure>
    </testCase>
    <testCase name="updating the wallet failed bacause client was not found" duration="1"/>
    <testCase name="updating the wallet failed bacause client id was not provided" duration="1"/>
    <testCase name="update of wallet balance was successfull" duration="10"/>
    <testCase name="Creation of wallet with balance= 0.0 was successfull" duration="11"/>
    <testCase name="Creation of wallet fails,id 1 already exists" duration="1"/>
    <testCase name="Edit the state of a booking with a valid request" duration="1"/>
    <testCase name="create a row in the booking product table" duration="14"/>
  </file>
  <file path="C:\Users\rocco\AppData\Roaming\SPB_Data\git\SPG-P08\SoftEngII-P08-SPG\server\serverIntegration.test.js">
    <testCase name="Test suite Integration Server Post booking fail create a new booking fails due to idClient = 0" duration="164"/>
    <testCase name="Test suite Integration Server Post booking fail create a new booking fails due to idClient = -1" duration="16"/>
    <testCase name="Test suite Integration Server Post booking success should create a new booking" duration="26"/>
    <testCase name="Test suite Integration Server Post new client fail create a new client fails due to invalid email" duration="10"/>
    <testCase name="Test suite Integration Server Post new client fail create a new client fails due to invalid name" duration="42"/>
    <testCase name="Test suite Integration Server Post new client fail create a new client fails due to invalid surname" duration="12"/>
    <testCase name="Test suite Integration Server Post new client fail create a new client fails due to invalid password" duration="11"/>
    <testCase name="Test suite Integration Server Post new client success create a new client success" duration="164"/>
    <testCase name="Test suite Integration Server Get a wallet fail send a invalid id of client" duration="11"/>
    <testCase name="Test suite Integration Server Put a qty of a product send a invalid qty" duration="45"/>
    <testCase name="Test suite Integration Server Put a qty of a product send a invalid id product" duration="7"/>
    <testCase name="Test suite Integration Server Put a row in the table BOOKING_PRODUCTS send a invalid Booking id" duration="20"/>
    <testCase name="Test suite Integration Server Put a row in the table BOOKING_PRODUCTS send a invalid product id" duration="31"/>
    <testCase name="Test suite Integration Server Put a row in the table BOOKING_PRODUCTS send a invalid qty" duration="11"/>
    <testCase name="Test suite Integration Server Client Session success send a valid user" duration="104"/>
    <testCase name="Test suite Integration Server Client Session fails send a wrong psw" duration="95"/>
    <testCase name="Test suite Integration Server Get client by email success send a valid email" duration="16"/>
    <testCase name="Test suite Integration Server Get client by email fails don&apos;t send an email" duration="17"/>
    <testCase name="Test suite Integration Server Get client by email fails send a wrong email" duration="18"/>
    <testCase name="Test suite Integration Server Get clients success ask the list of clients" duration="14"/>
    <testCase name="Test suite Integration Server Farmer Session success send a valid user" duration="91"/>
    <testCase name="Test suite Integration Server Farmer Session fails send a wrong psw" duration="93"/>
    <testCase name="Test suite Integration Server Shop Employee Session success send a valid user" duration="91"/>
    <testCase name="Test suite Integration Server Shop Employee Session fails send a wrong psw" duration="86"/>
    <testCase name="Test suite Integration Server get all products success test get api/products endpoint" duration="16"/>
    <testCase name="Test suite Integration Server get all bookings success test get api/bookings endpoint" duration="17"/>
    <testCase name="Test suite Integration Server update wallet balance fails send a negative balance amount" duration="7"/>
    <testCase name="Test suite Integration Server update wallet balance fails send a client id which does not exist" duration="24"/>
    <testCase name="Test suite Integration Server update wallet balance fails  do not send a client id " duration="21"/>
    <testCase name="Test suite Integration Server update wallet balance success send a valid body" duration="23"/>
    <testCase name="Test suite Integration Server edit the state of a booking send a invalid id booking" duration="7"/>
    <testCase name="Test suite Integration Server edit the state of a booking send a valid body" duration="21"/>
  </file>
</testExecutions>