<?xml version="1.0" encoding="UTF-8"?>
<testExecutions version="1">
  <file path="C:\Users\Ale\Documents\Scuola\Softeng2\SoftEngII-P08-SPG\server\dao.test.js">
    <testCase name="Test suite DAO the creation of a new booking fails because id client is missing" duration="15"/>
    <testCase name="Test suite DAO the creation of a new booking fails because state is missing" duration="5"/>
    <testCase name="Test suite DAO the creation of a new booking is done" duration="18"/>
    <testCase name="Test suite DAO the creation of a new client fails because email is missing" duration="92"/>
    <testCase name="Test suite DAO the creation of a new client fails because name is missing" duration="89"/>
    <testCase name="Test suite DAO the creation of a new client fails because surname is missing" duration="95"/>
    <testCase name="Test suite DAO the creation of a new client fails because password is missing" duration="4"/>
    <testCase name="Test suite DAO the creation of a new client is done" duration="99"/>
    <testCase name="Test suite DAO get client return false because no email provided" duration="18"/>
    <testCase name="Test suite DAO get client return false because no user with that email exists" duration="4"/>
    <testCase name="Test suite DAO get client return false because wrong password" duration="180"/>
    <testCase name="Test suite DAO get client return success" duration="99"/>
    <testCase name="Test suite DAO get client return -1 because no email provided" duration="5">
      <failure message="Error: expect(received).resolves.toHaveProperty(path)"><![CDATA[Error: expect(received).resolves.toHaveProperty(path)

Matcher error: expected path must be a string or array

Expected has type:  number
Expected has value: -1
    at C:\Users\Ale\Documents\Scuola\Softeng2\SoftEngII-P08-SPG\server\node_modules\expect\build\index.js:245:75]]></failure>
    </testCase>
    <testCase name="Test suite DAO get client return -1 because no user with that email exists" duration="4">
      <failure message="Error: expect(received).resolves.toHaveProperty(path)"><![CDATA[Error: expect(received).resolves.toHaveProperty(path)

Matcher error: expected path must be a string or array

Expected has type:  number
Expected has value: -1
    at C:\Users\Ale\Documents\Scuola\Softeng2\SoftEngII-P08-SPG\server\node_modules\expect\build\index.js:245:75]]></failure>
    </testCase>
    <testCase name="Test suite DAO get client return success" duration="5"/>
    <testCase name="Test suite DAO get client return success" duration="4"/>
    <testCase name="Test suite DAO get clients preparation return success" duration="5"/>
    <testCase name="Test suite DAO get categories return success" duration="4"/>
    <testCase name="Test suite DAO get client by id return false because no user with that id exists" duration="3"/>
    <testCase name="Test suite DAO get client by id return success" duration="2"/>
    <testCase name="Test suite DAO get products expected by farmer id return empty array because no farmer with that id exists" duration="4"/>
    <testCase name="Test suite DAO get products expected by farmer return success" duration="5"/>
    <testCase name="Test suite DAO get farmer return false because no email provided" duration="4"/>
    <testCase name="Test suite DAO get farmer return false because no user with that email exists" duration="4"/>
    <testCase name="Test suite DAO get farmer return false because wrong psw" duration="86"/>
    <testCase name="Test suite DAO get farmer return success" duration="99"/>
    <testCase name="Test suite DAO get farmer by id return false because no farmer with that id exists" duration="14"/>
    <testCase name="Test suite DAO get farmer by id return a farmer" duration="6"/>
    <testCase name="Test suite DAO get shop employee return false because no email provided" duration="4"/>
    <testCase name="Test suite DAO get shop employee return false because no user with that email exists" duration="3"/>
    <testCase name="Test suite DAO get shop employee return false because wrong psw" duration="86"/>
    <testCase name="Test suite DAO get shop employee return success" duration="89"/>
    <testCase name="Test suite DAO get shop employee by id return false because no shop employee with that id exists" duration="4"/>
    <testCase name="Test suite DAO get shop employee by id return a shop employee" duration="3"/>
    <testCase name="Test suite DAO get warehouse worker by id return false because no shop worker with that id exists" duration="3"/>
    <testCase name="Test suite DAO get shop employee by id return a warehouse worker" duration="3"/>
    <testCase name="Test suite DAO get warehouse worker return false because no email provided" duration="3"/>
    <testCase name="Test suite DAO get warehouse worker return false because no user with that email exists" duration="4"/>
    <testCase name="Test suite DAO get warehouse worker return false because wrong psw" duration="86"/>
    <testCase name="Test suite DAO get warehouse worker return success" duration="83"/>
    <testCase name="Test suite DAO get all products success" duration="4"/>
    <testCase name="Test suite DAO get all all CONFIRMED products for a particular farmer success" duration="3"/>
    <testCase name="Test suite DAO get all bookings success" duration="6"/>
    <testCase name="Test suite DAO get all bookings modes in preparation success" duration="5"/>
    <testCase name="Test suite DAO get all the records from BOOKING_MODE table WHERE delivery = 0 and state = NEW" duration="5"/>
    <testCase name="Test suite DAO get all bookings for a client success" duration="7"/>
    <testCase name="Test suite DAO get all bookings for a non-existing client success" duration="5"/>
    <testCase name="Test suite DAO the creation of a new booking mode success" duration="9"/>
    <testCase name="Test suite DAO updating the wallet failed bacause client was not found" duration="10"/>
    <testCase name="Test suite DAO updating the wallet failed bacause client id was not provided" duration="4"/>
    <testCase name="Test suite DAO update of wallet balance was successfull" duration="12"/>
    <testCase name="Test suite DAO Creation of wallet with balance= 0.0 was successfull" duration="16"/>
    <testCase name="Test suite DAO Creation of wallet fails,id 1 already exists" duration="4"/>
    <testCase name="Test suite DAO Edit the state of a booking with a valid request" duration="5"/>
    <testCase name="Test suite DAO create a row in the booking product table" duration="10"/>
    <testCase name="Test suite DAO get all bookings with pendingcancelation state" duration="13"/>
    <testCase name="Test suite DAO Insert a new Product expected without a field category" duration="6"/>
    <testCase name="Test suite DAO INSERT into Product_WEEK by receiving a product confirmed by farmer with state = CONFIRMED success" duration="19"/>
    <testCase name="Test suite DAO edit state of a product receiving an array with id-state" duration="14"/>
    <testCase name="Test suite DAO increment qty of a product success" duration="1"/>
    <testCase name="Test suite DAO delete a product with a given id success" duration="1"/>
    <testCase name="Test suite DAO delete a booking product success" duration="1"/>
    <testCase name="Test suite DAO get all acks with NEW state success" duration="20"/>
    <testCase name="Test suite DAO the creation of ack success" duration="34"/>
    <testCase name="Test suite DAO get all bookings for a particular client with the booked state " duration="26">
      <failure message="Error: expect(received).resolves.toEqual(expected) // deep equality"><![CDATA[Error: expect(received).resolves.toEqual(expected) // deep equality

Expected: {"CATEGORY_ID": 1, "FARMER_ID": 1, "ID": 1, "NAME": "Mele", "PRICE": 14, "QTY": 12, "SIZE": 1, "STATE": "EXPECTED", "UNIT_OF_MEASURE": "kg"}
Received: undefined
    at Object.toEqual (C:\Users\Ale\Documents\Scuola\Softeng2\SoftEngII-P08-SPG\server\node_modules\expect\build\index.js:242:22)
    at Object.<anonymous> (C:\Users\Ale\Documents\Scuola\Softeng2\SoftEngII-P08-SPG\server\dao.test.js:645:57)
    at Promise.then.completed (C:\Users\Ale\Documents\Scuola\Softeng2\SoftEngII-P08-SPG\server\node_modules\jest-circus\build\utils.js:390:28)
    at new Promise (<anonymous>)
    at callAsyncCircusFn (C:\Users\Ale\Documents\Scuola\Softeng2\SoftEngII-P08-SPG\server\node_modules\jest-circus\build\utils.js:315:10)
    at _callCircusTest (C:\Users\Ale\Documents\Scuola\Softeng2\SoftEngII-P08-SPG\server\node_modules\jest-circus\build\run.js:218:40)
    at _runTest (C:\Users\Ale\Documents\Scuola\Softeng2\SoftEngII-P08-SPG\server\node_modules\jest-circus\build\run.js:155:3)
    at _runTestsForDescribeBlock (C:\Users\Ale\Documents\Scuola\Softeng2\SoftEngII-P08-SPG\server\node_modules\jest-circus\build\run.js:66:9)
    at _runTestsForDescribeBlock (C:\Users\Ale\Documents\Scuola\Softeng2\SoftEngII-P08-SPG\server\node_modules\jest-circus\build\run.js:60:9)
    at run (C:\Users\Ale\Documents\Scuola\Softeng2\SoftEngII-P08-SPG\server\node_modules\jest-circus\build\run.js:25:3)]]></failure>
    </testCase>
    <testCase name="Test suite DAO GET all the product associated to a particular booking" duration="8"/>
  </file>
  <file path="C:\Users\Ale\Documents\Scuola\Softeng2\SoftEngII-P08-SPG\server\serverIntegration.test.js">
    <testCase name="Test suite Integration Server Get id Client by email get with a valid email" duration="105"/>
    <testCase name="Test suite Integration Server Get id Client by email get with an invalid email" duration="11"/>
    <testCase name="Test suite Integration Server Create a Acknowledge send a invalid id farmer" duration="7"/>
    <testCase name="Test suite Integration Server Decrement the qty of a product send a valid body" duration="15"/>
    <testCase name="Test suite Integration Server edit the state of a product send a invalid state" duration="17">
      <failure message="Error: expect(received).toHaveProperty(path, value)"><![CDATA[Error: expect(received).toHaveProperty(path, value)

Expected path: "error"

Expected value: "Bad request"
Received value: "state not allowed"
    at Object.<anonymous> (C:\Users\Ale\Documents\Scuola\Softeng2\SoftEngII-P08-SPG\server\serverIntegration.test.js:76:24)
    at processTicksAndRejections (internal/process/task_queues.js:95:5)]]></failure>
    </testCase>
    <testCase name="Test suite Integration Server edit the state of a product send a invalid id product" duration="12">
      <failure message="Error: expect(received).toHaveProperty(path, value)"><![CDATA[Error: expect(received).toHaveProperty(path, value)

Expected path: "error"

Expected value: "Bad request"
Received value: "invalid id"
    at Object.<anonymous> (C:\Users\Ale\Documents\Scuola\Softeng2\SoftEngII-P08-SPG\server\serverIntegration.test.js:87:24)
    at processTicksAndRejections (internal/process/task_queues.js:95:5)]]></failure>
    </testCase>
    <testCase name="Test suite Integration Server edit the state of a product send a valid body" duration="16"/>
    <testCase name="Test suite Integration Server insert tuples in PRODUCT_WEEK send a valid body" duration="30"/>
    <testCase name="Test suite Integration Server insert tuples in PRODUCT_WEEK send a invalid category" duration="15"/>
    <testCase name="Test suite Integration Server insert tuples in PRODUCT_WEEK send a invalid price" duration="8"/>
    <testCase name="Test suite Integration Server insert tuples in PRODUCT_WEEK send a invalid farmer id" duration="5"/>
    <testCase name="Test suite Integration Server insert tuples in PRODUCT_WEEK send a invalid qty" duration="6"/>
    <testCase name="Test suite Integration Server insert tuples in PRODUCT_WEEK send a invalid size" duration="6"/>
    <testCase name="Test suite Integration Server insert tuples in PRODUCT_WEEK send a invalid size" duration="5"/>
    <testCase name="Test suite Integration Server edit state of a ack send a valid body" duration="7"/>
    <testCase name="Test suite Integration Server edit state of a ack send a invalid id" duration="13"/>
    <testCase name="Test suite Integration Server get all bookings of a client rigth get" duration="20"/>
    <testCase name="Test suite Integration Server update the state of booking mode send a valid body" duration="11"/>
    <testCase name="Test suite Integration Server update the state of booking mode send a invalid id" duration="9"/>
    <testCase name="Test suite Integration Server Post new client create a new client but the client email already used" duration="120">
      <failure message="Error [ERR_HTTP_HEADERS_SENT]: Cannot set headers after they are sent to the client"><![CDATA[Error [ERR_HTTP_HEADERS_SENT]: Cannot set headers after they are sent to the client
    at new NodeError (internal/errors.js:322:7)
    at ServerResponse.setHeader (_http_outgoing.js:561:11)
    at ServerResponse.header (C:\Users\Ale\Documents\Scuola\Softeng2\SoftEngII-P08-SPG\server\node_modules\express\lib\response.js:771:10)
    at ServerResponse.send (C:\Users\Ale\Documents\Scuola\Softeng2\SoftEngII-P08-SPG\server\node_modules\express\lib\response.js:170:12)
    at ServerResponse.json (C:\Users\Ale\Documents\Scuola\Softeng2\SoftEngII-P08-SPG\server\node_modules\express\lib\response.js:267:15)
    at C:\Users\Ale\Documents\Scuola\Softeng2\SoftEngII-P08-SPG\server\users.js:112:21]]></failure>
      <failure message="Error: expect(received).toHaveProperty(path, value)"><![CDATA[Error: expect(received).toHaveProperty(path, value)

Expected path: "error"

Expected value: "antonio.bianchi@mail.it already used"
Received value: "Error: marco.bianchi@mail.it already used."
    at Object.<anonymous> (C:\Users\Ale\Documents\Scuola\Softeng2\SoftEngII-P08-SPG\server\serverIntegration.test.js:315:24)
    at processTicksAndRejections (internal/process/task_queues.js:95:5)]]></failure>
    </testCase>
    <testCase name="Test suite Integration Server Post booking fail create a new booking fails due to idClient = 0" duration="6"/>
    <testCase name="Test suite Integration Server Post booking fail create a new booking fails due to idClient = -1" duration="8"/>
    <testCase name="Test suite Integration Server Post booking success should create a new booking" duration="15"/>
    <testCase name="Test suite Integration Server Post booking mode success should create a new booking mode" duration="21"/>
    <testCase name="Test suite Integration Server updating booking mode status success should update a booking mode status to PREPERATION" duration="16"/>
    <testCase name="Test suite Integration Server Post new client fail create a new client fails due to invalid email" duration="10"/>
    <testCase name="Test suite Integration Server Post new client fail create a new client fails due to invalid name" duration="10"/>
    <testCase name="Test suite Integration Server Post new client fail create a new client fails due to invalid surname" duration="8"/>
    <testCase name="Test suite Integration Server Post new client fail create a new client fails due to invalid password" duration="10"/>
    <testCase name="Test suite Integration Server Post new client success create a new client success" duration="113"/>
    <testCase name="Test suite Integration Server Get a wallet fail send a invalid id of client" duration="32"/>
    <testCase name="Test suite Integration Server Put a qty of a product send a invalid qty" duration="7"/>
    <testCase name="Test suite Integration Server Put a qty of a product send a invalid id product" duration="10"/>
    <testCase name="Test suite Integration Server increment product qty send an invalid qty" duration="8"/>
    <testCase name="Test suite Integration Server increment product qty send an invalid id product" duration="10"/>
    <testCase name="Test suite Integration Server increment product qty send a valid request body" duration="6">
      <failure message="Error: expect(received).toEqual(expected) // deep equality"><![CDATA[Error: expect(received).toEqual(expected) // deep equality

Expected: 200
Received: 201
    at Object.<anonymous> (C:\Users\Ale\Documents\Scuola\Softeng2\SoftEngII-P08-SPG\server\serverIntegration.test.js:536:30)
    at processTicksAndRejections (internal/process/task_queues.js:95:5)]]></failure>
    </testCase>
    <testCase name="Test suite Integration Server delete a product send an invalid product id" duration="7"/>
    <testCase name="Test suite Integration Server insert a product POST /api/farmers/:farmerid/products success" duration="18"/>
    <testCase name="Test suite Integration Server insert a product POST /api/farmers/:farmerid/products fail for wrong category id" duration="24"/>
    <testCase name="Test suite Integration Server insert a product POST /api/farmers/:farmerid/products fail for wrong price" duration="6"/>
    <testCase name="Test suite Integration Server insert a product POST /api/farmers/:farmerid/products fail for wrong farmer id" duration="7"/>
    <testCase name="Test suite Integration Server insert a product POST /api/farmers/:farmerid/products fail for wrong quantity" duration="8"/>
    <testCase name="Test suite Integration Server insert a product POST /api/farmers/:farmerid/products fail for wrong quantity" duration="47"/>
    <testCase name="Test suite Integration Server insert a product POST /api/farmers/:farmerid/products fail for wrong unit of measure" duration="8"/>
    <testCase name="Test suite Integration Server insert a product POST /api/farmers/:farmerid/products success" duration="17"/>
    <testCase name="Test suite Integration Server insert a product POST /api/farmers/:farmerid/products fail for wrong category id" duration="12"/>
    <testCase name="Test suite Integration Server insert a product POST /api/farmers/:farmerid/products fail for wrong price" duration="20"/>
    <testCase name="Test suite Integration Server insert a product POST /api/farmers/:farmerid/products fail for wrong farmer id" duration="22"/>
    <testCase name="Test suite Integration Server insert a product POST /api/farmers/:farmerid/products fail for wrong quantity" duration="7"/>
    <testCase name="Test suite Integration Server insert a product POST /api/farmers/:farmerid/products fail for wrong quantity" duration="6"/>
    <testCase name="Test suite Integration Server insert a product POST /api/farmers/:farmerid/products fail for wrong unit of measure" duration="18"/>
    <testCase name="Test suite Integration Server delete a product send a valid product id" duration="45">
      <failure message="Error: expect(received).toEqual(expected) // deep equality"><![CDATA[Error: expect(received).toEqual(expected) // deep equality

Expected: 204
Received: 201
    at Object.<anonymous> (C:\Users\Ale\Documents\Scuola\Softeng2\SoftEngII-P08-SPG\server\serverIntegration.test.js:915:30)
    at processTicksAndRejections (internal/process/task_queues.js:95:5)]]></failure>
    </testCase>
    <testCase name="Test suite Integration Server Put a row in the table BOOKING_PRODUCTS send a invalid Booking id" duration="8">
      <failure message="Error: expect(received).toHaveProperty(path, value)"><![CDATA[Error: expect(received).toHaveProperty(path, value)

Expected path: "error"

Expected value: "Bad request"
Received value: "bad request"
    at Object.<anonymous> (C:\Users\Ale\Documents\Scuola\Softeng2\SoftEngII-P08-SPG\server\serverIntegration.test.js:931:24)
    at processTicksAndRejections (internal/process/task_queues.js:95:5)]]></failure>
    </testCase>
    <testCase name="Test suite Integration Server delete a booking product send a valid product id and booking id" duration="22"/>
    <testCase name="Test suite Integration Server Put a row in the table BOOKING_PRODUCTS send a invalid product id" duration="6">
      <failure message="Error: expect(received).toHaveProperty(path, value)"><![CDATA[Error: expect(received).toHaveProperty(path, value)

Expected path: "error"

Expected value: "Invalid product data"
Received value: "bad request"
    at Object.<anonymous> (C:\Users\Ale\Documents\Scuola\Softeng2\SoftEngII-P08-SPG\server\serverIntegration.test.js:964:24)
    at processTicksAndRejections (internal/process/task_queues.js:95:5)]]></failure>
    </testCase>
    <testCase name="Test suite Integration Server Put a row in the table BOOKING_PRODUCTS send a invalid qty" duration="10">
      <failure message="Error: expect(received).toHaveProperty(path, value)"><![CDATA[Error: expect(received).toHaveProperty(path, value)

Expected path: "error"

Expected value: "Invalid product data"
Received value: "bad request"
    at Object.<anonymous> (C:\Users\Ale\Documents\Scuola\Softeng2\SoftEngII-P08-SPG\server\serverIntegration.test.js:980:24)
    at processTicksAndRejections (internal/process/task_queues.js:95:5)]]></failure>
    </testCase>
    <testCase name="Test suite Integration Server Client Session success send a valid user" duration="101"/>
    <testCase name="Test suite Integration Server Client Session fails send a wrong psw" duration="91"/>
    <testCase name="Test suite Integration Server Get client by email success send a valid email" duration="7"/>
    <testCase name="Test suite Integration Server Get client by email fails don&apos;t send an email" duration="7"/>
    <testCase name="Test suite Integration Server Get client by email fails send a wrong email" duration="8"/>
    <testCase name="Test suite Integration Server Get clients success ask the list of clients" duration="7"/>
    <testCase name="Test suite Integration Server Get clients preparation success ask the list of clients with products in preparation" duration="11"/>
    <testCase name="Test suite Integration Server Get categories success ask the list of categories" duration="12"/>
    <testCase name="Test suite Integration Server Farmer Session success send a valid user" duration="102"/>
    <testCase name="Test suite Integration Server Farmer Session fails send a wrong psw" duration="94"/>
    <testCase name="Test suite Integration Server Shop Employee Session success send a valid user" duration="108"/>
    <testCase name="Test suite Integration Server Shop Employee Session fails send a wrong psw" duration="85"/>
    <testCase name="Test suite Integration Server Warehouse worker Session success send a valid user" duration="91"/>
    <testCase name="Test suite Integration Server Warehouse worker Session fails send a wrong psw" duration="84"/>
    <testCase name="Test suite Integration Server get all products success test get api/products endpoint" duration="7"/>
    <testCase name="Test suite Integration Server get all CONFIRMED products for a particular farmer success test //GET /api/products/farmers/:id success" duration="7">
      <failure message="Error: expect(received).toBe(expected) // Object.is equality"><![CDATA[Error: expect(received).toBe(expected) // Object.is equality

Expected: 200
Received: 201
    at Object.<anonymous> (C:\Users\Ale\Documents\Scuola\Softeng2\SoftEngII-P08-SPG\server\serverIntegration.test.js:1211:35)
    at processTicksAndRejections (internal/process/task_queues.js:95:5)]]></failure>
    </testCase>
    <testCase name="Test suite Integration Server get all CONFIRMED products for a particular farmer success test //GET /api/products/farmers/:id fail" duration="6"/>
    <testCase name="Test suite Integration Server get all products expected by farmer id success test get /api/farmers/:farmerid/products_expected endpoint fail" duration="7"/>
    <testCase name="Test suite Integration Server get all products expected by farmer id success test get /api/farmers/:farmerid/products_expected endpoint" duration="12"/>
    <testCase name="Test suite Integration Server get all confirmed products expected by farmer id success test get /api/products/farmers/1 endpoint" duration="9">
      <failure message="Error: expect(received).toBe(expected) // Object.is equality"><![CDATA[Error: expect(received).toBe(expected) // Object.is equality

Expected: 200
Received: 201
    at Object.<anonymous> (C:\Users\Ale\Documents\Scuola\Softeng2\SoftEngII-P08-SPG\server\serverIntegration.test.js:1283:35)
    at processTicksAndRejections (internal/process/task_queues.js:95:5)]]></failure>
    </testCase>
    <testCase name="Test suite Integration Server get all bookings success test get api/bookings endpoint" duration="12"/>
    <testCase name="Test suite Integration Server Get all the bookings from BOOKING_MODE with delivery = 0 and state = PREPARATION test GET /api/bookingModesPreparation" duration="10"/>
    <testCase name="Test suite Integration Server Get all the records from BOOKING_MODE table WHERE delivery = 0 and state = NEW test /api/bookingModesNew/pickup" duration="7"/>
    <testCase name="Test suite Integration Server get all bookings for a client success test get api/bookings/clients/1 endpoint" duration="8"/>
    <testCase name="Test suite Integration Server get all bookings for a non-existing client success test get api/bookings/clients/100 endpoint" duration="6"/>
    <testCase name="Test suite Integration Server update wallet balance fails send a negative balance amount" duration="6"/>
    <testCase name="Test suite Integration Server update wallet balance fails send a client id which does not exist" duration="10"/>
    <testCase name="Test suite Integration Server update wallet balance fails  do not send a client id " duration="6"/>
    <testCase name="Test suite Integration Server update wallet balance success send a valid body" duration="14">
      <failure message="Error: expect(received).toEqual(expected) // deep equality"><![CDATA[Error: expect(received).toEqual(expected) // deep equality

Expected: 200
Received: 500
    at Object.<anonymous> (C:\Users\Ale\Documents\Scuola\Softeng2\SoftEngII-P08-SPG\server\serverIntegration.test.js:1453:30)
    at processTicksAndRejections (internal/process/task_queues.js:95:5)]]></failure>
    </testCase>
    <testCase name="Test suite Integration Server edit the state of a booking send a invalid id booking" duration="10"/>
    <testCase name="Test suite Integration Server edit the state of a booking send a valid body" duration="11"/>
    <testCase name="Test suite Integration Server get all bookings with PENDINGCANCELATION state test /api/bookingsPendingCancelation endpoint" duration="8"/>
    <testCase name="Test suite Integration Server post a vector of product expected test with a no valid body, without a name field" duration="12"/>
    <testCase name="Test suite Integration Server Post ack success should create a new ack" duration="17"/>
    <testCase name="Test suite Integration Server get acks with state NEW success should retrieve a list of acks with state NEW" duration="17"/>
    <testCase name="Test suite Integration Server Put products with new state right put with all right fields" duration="8">
      <failure message="Error: expect(received).toEqual(expected) // deep equality"><![CDATA[Error: expect(received).toEqual(expected) // deep equality

Expected: 201
Received: 422
    at Object.<anonymous> (C:\Users\Ale\Documents\Scuola\Softeng2\SoftEngII-P08-SPG\server\serverIntegration.test.js:1567:30)
    at processTicksAndRejections (internal/process/task_queues.js:95:5)]]></failure>
    </testCase>
    <testCase name="Test suite Integration Server Put products with new state wrong put with a element without id field" duration="5">
      <failure message="Error: expect(received).toHaveProperty(path, value)"><![CDATA[Error: expect(received).toHaveProperty(path, value)

Expected path: "error"

Expected value: "Invalid product id of a element on the array, it must be positive"
Received value: "invalid id"
    at Object.<anonymous> (C:\Users\Ale\Documents\Scuola\Softeng2\SoftEngII-P08-SPG\server\serverIntegration.test.js:1586:24)
    at processTicksAndRejections (internal/process/task_queues.js:95:5)]]></failure>
    </testCase>
    <testCase name="Test suite Integration Server Put products with new state wrong put with a invalid id" duration="5">
      <failure message="Error: expect(received).toHaveProperty(path, value)"><![CDATA[Error: expect(received).toHaveProperty(path, value)

Expected path: "error"

Expected value: "Invalid product id of a element on the array, it must be positive"
Received value: "invalid id"
    at Object.<anonymous> (C:\Users\Ale\Documents\Scuola\Softeng2\SoftEngII-P08-SPG\server\serverIntegration.test.js:1607:24)
    at processTicksAndRejections (internal/process/task_queues.js:95:5)]]></failure>
    </testCase>
    <testCase name="Test suite Integration Server get all bookings of a client with the booked state get with a valid id" duration="6"/>
    <testCase name="Test suite Integration Server get all bookings of a client with the booked state get with a invalid id" duration="5"/>
    <testCase name="Test suite Integration Server get all products of a particular booking get with a valid id" duration="37"/>
    <testCase name="Test suite Integration Server get all products of a particular booking get with a invalid id" duration="8"/>
  </file>
</testExecutions>