<?xml version="1.0" encoding="UTF-8"?>
<testExecutions version="1">
  <file path="/Users/pippo/Desktop/Software Engineering II/SoftEngII-P08-SPG/server/dao.test.js">
    <testCase name="Test suite DAO the creation of a new booking fails because id client is missing" duration="8"/>
    <testCase name="Test suite DAO the creation of a new booking fails because state is missing" duration="1"/>
    <testCase name="Test suite DAO the creation of a new booking is done" duration="3"/>
    <testCase name="Test suite DAO the creation of a new client fails because email is missing" duration="55"/>
    <testCase name="Test suite DAO the creation of a new client fails because name is missing" duration="57"/>
    <testCase name="Test suite DAO the creation of a new client fails because surname is missing" duration="56"/>
    <testCase name="Test suite DAO the creation of a new client fails because password is missing" duration="1"/>
    <testCase name="Test suite DAO the creation of a new client is done" duration="61"/>
    <testCase name="Test suite DAO get client return false because no email provided" duration="1"/>
    <testCase name="Test suite DAO get client return false because no user with that email exists" duration="1"/>
    <testCase name="Test suite DAO get client return false because wrong password" duration="117"/>
    <testCase name="Test suite DAO get client return success" duration="56"/>
    <testCase name="Test suite DAO get client return -1 because no email provided" duration="2"/>
    <testCase name="Test suite DAO get client return -1 because no user with that email exists" duration="1"/>
    <testCase name="Test suite DAO get client return success" duration="1"/>
    <testCase name="Test suite DAO get client return success" duration="2"/>
    <testCase name="Test suite DAO get client by id return false because no user with that id exists" duration="1"/>
    <testCase name="Test suite DAO get client by id return success" duration="1"/>
    <testCase name="Test suite DAO get farmer return false because no email provided" duration="2"/>
    <testCase name="Test suite DAO get farmer return false because no user with that email exists" duration="1"/>
    <testCase name="Test suite DAO get farmer return false because wrong psw" duration="57"/>
    <testCase name="Test suite DAO get farmer return success" duration="57"/>
    <testCase name="Test suite DAO get farmer by id return false because no farmer with that id exists" duration="2"/>
    <testCase name="Test suite DAO get farmer by id return a farmer" duration="1"/>
    <testCase name="Test suite DAO get shop employee return false because no email provided" duration="1"/>
    <testCase name="Test suite DAO get shop employee return false because no user with that email exists" duration="5"/>
    <testCase name="Test suite DAO get shop employee return false because wrong psw" duration="60"/>
    <testCase name="Test suite DAO get shop employee return success" duration="59"/>
    <testCase name="Test suite DAO get shop employee by id return false because no shop employee with that id exists" duration="1"/>
    <testCase name="Test suite DAO get shop employee by id return a shop employee" duration="1"/>
    <testCase name="get all products success" duration="0"/>
    <testCase name="get all bookings success" duration="0"/>
    <testCase name="updating the wallet failed bacause client was not found" duration="0"/>
    <testCase name="updating the wallet failed bacause client id was not provided" duration="0"/>
    <testCase name="update of wallet balance was successfull" duration="1"/>
  </file>
  <file path="/Users/pippo/Desktop/Software Engineering II/SoftEngII-P08-SPG/server/serverIntegration.test.js">
    <testCase name="Test suite DAO Post booking fail create a new booking fails due to idClient = 0" duration="54"/>
    <testCase name="Test suite DAO Post booking fail create a new booking fails due to idClient = -1" duration="4"/>
    <testCase name="Test suite DAO Post booking success should create a new booking" duration="7"/>
    <testCase name="Test suite DAO Post new client fail create a new client fails due to invalid email" duration="3"/>
    <testCase name="Test suite DAO Post new client fail create a new client fails due to invalid name" duration="6"/>
    <testCase name="Test suite DAO Post new client fail create a new client fails due to invalid surname" duration="3"/>
    <testCase name="Test suite DAO Post new client fail create a new client fails due to invalid password" duration="3"/>
    <testCase name="Test suite DAO Post new client success create a new client success" duration="60"/>
    <testCase name="Test suite DAO Get a wallet fail send a invalid id of client" duration="4">
      <failure message="Error: expect(received).toEqual(expected) // deep equality"><![CDATA[Error: expect(received).toEqual(expected) // deep equality

Expected: 422
Received: 404
    at Object.<anonymous> (/Users/pippo/Desktop/Software Engineering II/SoftEngII-P08-SPG/server/serverIntegration.test.js:136:30)
    at processTicksAndRejections (internal/process/task_queues.js:93:5)]]></failure>
    </testCase>
    <testCase name="Test suite DAO Put a qty of a product send a invalid qty" duration="3"/>
    <testCase name="Test suite DAO Put a qty of a product send a invalid id product" duration="2"/>
    <testCase name="Test suite DAO Put a row in the table BOOKING_PRODUCTS send a invalid Booking id" duration="6"/>
    <testCase name="Test suite DAO Put a row in the table BOOKING_PRODUCTS send a invalid product id" duration="3"/>
    <testCase name="Test suite DAO Put a row in the table BOOKING_PRODUCTS send a invalid qty" duration="2"/>
    <testCase name="Test suite DAO Client Session success send a valid user" duration="62"/>
    <testCase name="Test suite DAO Client Session fails send a wrong psw" duration="59"/>
    <testCase name="Test suite DAO Get client by email success send a valid email" duration="3"/>
    <testCase name="Test suite DAO Get client by email fails don&apos;t send an email" duration="2"/>
    <testCase name="Test suite DAO Get client by email fails send a wrong email" duration="3"/>
    <testCase name="Test suite DAO Get clients success ask the list of clients" duration="3"/>
    <testCase name="Test suite DAO Farmer Session success send a valid user" duration="58"/>
    <testCase name="Test suite DAO Farmer Session fails send a wrong psw" duration="58"/>
    <testCase name="Test suite DAO Shop Employee Session success send a valid user" duration="58"/>
    <testCase name="Test suite DAO Shop Employee Session fails send a wrong psw" duration="59"/>
    <testCase name="Test suite DAO get all products success test get api/products endpoint" duration="5"/>
    <testCase name="Test suite DAO get all bookings success test get api/bookings endpoint" duration="3"/>
    <testCase name="Test suite DAO update wallet balance fails send a negative balance amount" duration="2"/>
    <testCase name="Test suite DAO update wallet balance fails send a client id which does not exist" duration="3"/>
    <testCase name="Test suite DAO update wallet balance fails  do not send a client id " duration="3"/>
    <testCase name="Test suite DAO update wallet balance success send a valid body" duration="3"/>
  </file>
</testExecutions>