<?xml version="1.0" encoding="UTF-8"?>
<testExecutions version="1">
  <file path="C:\Users\Ale\Documents\Scuola\Softeng2\SoftEngII-P08-SPG\server\serverIntegration.test.js">
    <testCase name="Test suite Integration Server Post booking fail create a new booking fails due to idClient = 0" duration="0"/>
    <testCase name="Test suite Integration Server Post booking fail create a new booking fails due to idClient = -1" duration="0"/>
    <testCase name="Test suite Integration Server Post booking success should create a new booking" duration="0"/>
    <testCase name="Test suite Integration Server Post booking mode success should create a new booking mode" duration="0"/>
    <testCase name="Test suite Integration Server updating booking mode status success should update a booking mode status to PREPERATION" duration="0"/>
    <testCase name="Test suite Integration Server Post new client fail create a new client fails due to invalid email" duration="0"/>
    <testCase name="Test suite Integration Server Post new client fail create a new client fails due to invalid name" duration="0"/>
    <testCase name="Test suite Integration Server Post new client fail create a new client fails due to invalid surname" duration="0"/>
    <testCase name="Test suite Integration Server Post new client fail create a new client fails due to invalid password" duration="0"/>
    <testCase name="Test suite Integration Server Post new client success create a new client success" duration="0"/>
    <testCase name="Test suite Integration Server Get a wallet fail send a invalid id of client" duration="0"/>
    <testCase name="Test suite Integration Server Put a qty of a product send a invalid qty" duration="0"/>
    <testCase name="Test suite Integration Server Put a qty of a product send a invalid id product" duration="0"/>
    <testCase name="Test suite Integration Server increment product qty send an invalid qty" duration="0"/>
    <testCase name="Test suite Integration Server increment product qty send an invalid id product" duration="0"/>
    <testCase name="Test suite Integration Server increment product qty send a valid request body" duration="0"/>
    <testCase name="Test suite Integration Server delete a product send an invalid product id" duration="0"/>
    <testCase name="Test suite Integration Server delete a product send a valid product id" duration="0"/>
    <testCase name="Test suite Integration Server Put a row in the table BOOKING_PRODUCTS send a invalid Booking id" duration="185"/>
    <testCase name="Test suite Integration Server Put a row in the table BOOKING_PRODUCTS send a invalid product id" duration="15"/>
    <testCase name="Test suite Integration Server Put a row in the table BOOKING_PRODUCTS send a invalid qty" duration="16"/>
    <testCase name="Test suite Integration Server Client Session success send a valid user" duration="0"/>
    <testCase name="Test suite Integration Server Client Session fails send a wrong psw" duration="0"/>
    <testCase name="Test suite Integration Server Get client by email success send a valid email" duration="0"/>
    <testCase name="Test suite Integration Server Get client by email fails don&apos;t send an email" duration="0"/>
    <testCase name="Test suite Integration Server Get client by email fails send a wrong email" duration="0"/>
    <testCase name="Test suite Integration Server Get clients success ask the list of clients" duration="0"/>
    <testCase name="Test suite Integration Server Get clients preparation success ask the list of clients with products in preparation" duration="0"/>
    <testCase name="Test suite Integration Server Get categories success ask the list of categories" duration="0"/>
    <testCase name="Test suite Integration Server Farmer Session success send a valid user" duration="0"/>
    <testCase name="Test suite Integration Server Farmer Session fails send a wrong psw" duration="0"/>
    <testCase name="Test suite Integration Server Shop Employee Session success send a valid user" duration="0"/>
    <testCase name="Test suite Integration Server Shop Employee Session fails send a wrong psw" duration="0"/>
    <testCase name="Test suite Integration Server Warehouse worker Session success send a valid user" duration="0"/>
    <testCase name="Test suite Integration Server Warehouse worker Session fails send a wrong psw" duration="0"/>
    <testCase name="Test suite Integration Server get all products success test get api/products endpoint" duration="0"/>
    <testCase name="Test suite Integration Server get all CONFIRMED products for a particular farmer success test //GET /api/products/farmers/:id success" duration="0"/>
    <testCase name="Test suite Integration Server get all products expected by farmer id success test get /api/farmers/:farmerid/products_expected endpoint" duration="0"/>
    <testCase name="Test suite Integration Server get all confirmed products expected by farmer id success test get /api/products/farmers/1 endpoint" duration="0"/>
    <testCase name="Test suite Integration Server get all bookings success test get api/bookings endpoint" duration="0"/>
    <testCase name="Test suite Integration Server Get all the bookings from BOOKING_MODE with delivery = 0 and state = PREPARATION test GET /api/bookingModesPreparation" duration="0"/>
    <testCase name="Test suite Integration Server Get all the records from BOOKING_MODE table WHERE delivery = 0 and state = NEW test /api/bookingModesNew/pickup" duration="0"/>
    <testCase name="Test suite Integration Server get all bookings for a client success test get api/bookings/clients/1 endpoint" duration="0"/>
    <testCase name="Test suite Integration Server get all bookings for a non-existing client success test get api/bookings/clients/100 endpoint" duration="0"/>
    <testCase name="Test suite Integration Server update wallet balance fails send a negative balance amount" duration="0"/>
    <testCase name="Test suite Integration Server update wallet balance fails send a client id which does not exist" duration="0"/>
    <testCase name="Test suite Integration Server update wallet balance fails  do not send a client id " duration="0"/>
    <testCase name="Test suite Integration Server update wallet balance success send a valid body" duration="0"/>
    <testCase name="Test suite Integration Server edit the state of a booking send a invalid id booking" duration="0"/>
    <testCase name="Test suite Integration Server edit the state of a booking send a valid body" duration="0"/>
    <testCase name="Test suite Integration Server get all bookings with PENDINGCANCELATION state test /api/bookingsPendingCancelation endpoint" duration="0"/>
    <testCase name="Test suite Integration Server post a vector of product expected test with a no valid body, without a name field" duration="0"/>
    <testCase name="Test suite Integration Server Post ack success should create a new ack" duration="0"/>
    <testCase name="Test suite Integration Server get acks with state NEW success should retrieve a list of acks with state NEW" duration="0"/>
    <testCase name="Test suite Integration Server Put products with new state right put with all right fields" duration="0"/>
    <testCase name="Test suite Integration Server Put products with new state wrong put with a element without id field" duration="0"/>
    <testCase name="Test suite Integration Server Put products with new state wrong put with a invalid id" duration="0"/>
  </file>
</testExecutions>