<?xml version="1.0" encoding="UTF-8"?>
<testExecutions version="1">
  <file path="C:\Users\dadix\Desktop\scuola\magistrale\sofEngII\SPG2\SoftEngII-P08-SPG\server\dao.test.js">
    <testCase name="Test suite DAO the creation of a new booking fails because id client is missing" duration="160"/>
    <testCase name="Test suite DAO the creation of a new booking fails because state is missing" duration="3"/>
    <testCase name="Test suite DAO the creation of a new booking is done" duration="81"/>
    <testCase name="Test suite DAO the creation of a new client fails because email is missing" duration="258"/>
    <testCase name="Test suite DAO the creation of a new client fails because name is missing" duration="114"/>
    <testCase name="Test suite DAO the creation of a new client fails because surname is missing" duration="119"/>
    <testCase name="Test suite DAO the creation of a new client fails because password is missing" duration="3"/>
    <testCase name="Test suite DAO the creation of a new client is done" duration="186"/>
    <testCase name="Test suite DAO get client return false because no email provided" duration="194"/>
    <testCase name="Test suite DAO get client return false because no user with that email exists" duration="2"/>
    <testCase name="Test suite DAO get client return false because wrong password" duration="328"/>
    <testCase name="Test suite DAO get client return success" duration="300"/>
    <testCase name="Test suite DAO get client return -1 because no email provided" duration="2"/>
    <testCase name="Test suite DAO get client return -1 because no user with that email exists" duration="2"/>
    <testCase name="Test suite DAO get client return success" duration="2"/>
    <testCase name="Test suite DAO get client return success" duration="2"/>
    <testCase name="Test suite DAO get clients preparation return success" duration="3"/>
    <testCase name="Test suite DAO get categories return success" duration="2"/>
    <testCase name="Test suite DAO get client by id return false because no user with that id exists" duration="2"/>
    <testCase name="Test suite DAO get client by id return success" duration="2"/>
    <testCase name="Test suite DAO get products expected by farmer id return empty array because no farmer with that id exists" duration="2"/>
    <testCase name="Test suite DAO get products expected by farmer return success" duration="2"/>
    <testCase name="Test suite DAO get farmer return false because no email provided" duration="2"/>
    <testCase name="Test suite DAO get farmer return false because no user with that email exists" duration="1"/>
    <testCase name="Test suite DAO get farmer return false because wrong psw" duration="109"/>
    <testCase name="Test suite DAO get farmer return success" duration="110"/>
    <testCase name="Test suite DAO get farmer by id return false because no farmer with that id exists" duration="4"/>
    <testCase name="Test suite DAO get farmer by id return a farmer" duration="4"/>
    <testCase name="Test suite DAO get shop employee return false because no email provided" duration="3"/>
    <testCase name="Test suite DAO get shop employee return false because no user with that email exists" duration="2"/>
    <testCase name="Test suite DAO get shop employee return false because wrong psw" duration="107"/>
    <testCase name="Test suite DAO get shop employee return success" duration="113"/>
    <testCase name="Test suite DAO get shop employee by id return false because no shop employee with that id exists" duration="3"/>
    <testCase name="Test suite DAO get shop employee by id return a shop employee" duration="2"/>
    <testCase name="Test suite DAO get warehouse worker by id return false because no shop worker with that id exists" duration="3"/>
    <testCase name="Test suite DAO get shop employee by id return a warehouse worker" duration="2"/>
    <testCase name="Test suite DAO get warehouse worker return false because no email provided" duration="2"/>
    <testCase name="Test suite DAO get warehouse worker return false because no user with that email exists" duration="2"/>
    <testCase name="Test suite DAO get warehouse worker return false because wrong psw" duration="108"/>
    <testCase name="Test suite DAO get warehouse worker return success" duration="111"/>
    <testCase name="get all products success" duration="1"/>
    <testCase name="get all all CONFIRMED products for a particular farmer success" duration="2"/>
    <testCase name="get all bookings success" duration="2"/>
    <testCase name="get all bookings modes in preparation success" duration="2"/>
    <testCase name="get all the records from BOOKING_MODE table WHERE delivery = 0 and state = NEW" duration="1"/>
    <testCase name="get all bookings for a client success" duration="2"/>
    <testCase name="get all bookings for a non-existing client success" duration="0"/>
    <testCase name="the creation of a new booking mode success" duration="148"/>
    <testCase name="updating the wallet failed bacause client was not found" duration="1"/>
    <testCase name="updating the wallet failed bacause client id was not provided" duration="1"/>
    <testCase name="update of wallet balance was successfull" duration="77"/>
    <testCase name="Creation of wallet with balance= 0.0 was successfull" duration="99"/>
    <testCase name="Creation of wallet fails,id 1 already exists" duration="6"/>
    <testCase name="Edit the state of a booking with a valid request" duration="3"/>
    <testCase name="create a row in the booking product table" duration="73"/>
    <testCase name="get all bookings with pendingcancelation state" duration="10"/>
    <testCase name="Insert a new Product expected without a field category" duration="1"/>
    <testCase name="INSERT into Product_WEEK by receiving a product confirmed by farmer with state = CONFIRMED success" duration="62"/>
    <testCase name="edit state of a product receiving an array with id-state" duration="1"/>
    <testCase name="increment qty of a product success" duration="1"/>
    <testCase name="delete a product with a given id success" duration="0"/>
    <testCase name="get all acks with NEW state success" duration="169"/>
    <testCase name="the creation of ack success" duration="93">
      <failure message="Error: SQLITE_CONSTRAINT: NOT NULL constraint failed: PRODUCT_WEEK.QTY"><![CDATA[Error: SQLITE_CONSTRAINT: NOT NULL constraint failed: PRODUCT_WEEK.QTY]]></failure>
    </testCase>
  </file>
  <file path="C:\Users\dadix\Desktop\scuola\magistrale\sofEngII\SPG2\SoftEngII-P08-SPG\server\serverIntegration.test.js">
    <testCase name="Test suite Integration Server Post booking fail create a new booking fails due to idClient = 0" duration="109"/>
    <testCase name="Test suite Integration Server Post booking fail create a new booking fails due to idClient = -1" duration="8"/>
    <testCase name="Test suite Integration Server Post booking success should create a new booking" duration="800"/>
    <testCase name="Test suite Integration Server Post booking mode success should create a new booking mode" duration="260"/>
    <testCase name="Test suite Integration Server Post new client fail create a new client fails due to invalid email" duration="79"/>
    <testCase name="Test suite Integration Server Post new client fail create a new client fails due to invalid name" duration="14"/>
    <testCase name="Test suite Integration Server Post new client fail create a new client fails due to invalid surname" duration="8"/>
    <testCase name="Test suite Integration Server Post new client fail create a new client fails due to invalid password" duration="9"/>
    <testCase name="Test suite Integration Server Post new client success create a new client success" duration="294"/>
    <testCase name="Test suite Integration Server Get a wallet fail send a invalid id of client" duration="260"/>
    <testCase name="Test suite Integration Server Put a qty of a product send a invalid qty" duration="10"/>
    <testCase name="Test suite Integration Server Put a qty of a product send a invalid id product" duration="8"/>
    <testCase name="Test suite Integration Server increment product qty send an invalid qty" duration="12"/>
    <testCase name="Test suite Integration Server increment product qty send an invalid id product" duration="10"/>
    <testCase name="Test suite Integration Server increment product qty send a valid request body" duration="94"/>
    <testCase name="Test suite Integration Server delete a product send an invalid product id" duration="86"/>
    <testCase name="Test suite Integration Server delete a product send a valid product id" duration="203"/>
    <testCase name="Test suite Integration Server Put a row in the table BOOKING_PRODUCTS send a invalid Booking id" duration="30">
      <failure message="Error: expect(received).toHaveProperty(path, value)"><![CDATA[Error: expect(received).toHaveProperty(path, value)

Expected path: "error"

Expected value: "Invalid booking id, it must be positive"
Received value: "No products existent"
    at Object.<anonymous> (C:\Users\dadix\Desktop\scuola\magistrale\sofEngII\SPG2\SoftEngII-P08-SPG\server\serverIntegration.test.js:295:24)
    at processTicksAndRejections (internal/process/task_queues.js:95:5)]]></failure>
    </testCase>
    <testCase name="Test suite Integration Server Put a row in the table BOOKING_PRODUCTS send a invalid product id" duration="13"/>
    <testCase name="Test suite Integration Server Put a row in the table BOOKING_PRODUCTS send a invalid qty" duration="7">
      <failure message="Error: expect(received).toHaveProperty(path, value)"><![CDATA[Error: expect(received).toHaveProperty(path, value)

Expected path: "error"

Expected value: "Invalid qty id, it must be positive"
Received value: "No products existent"
    at Object.<anonymous> (C:\Users\dadix\Desktop\scuola\magistrale\sofEngII\SPG2\SoftEngII-P08-SPG\server\serverIntegration.test.js:333:24)
    at processTicksAndRejections (internal/process/task_queues.js:95:5)]]></failure>
    </testCase>
    <testCase name="Test suite Integration Server Client Session success send a valid user" duration="118"/>
    <testCase name="Test suite Integration Server Client Session fails send a wrong psw" duration="108"/>
    <testCase name="Test suite Integration Server Get client by email success send a valid email" duration="5"/>
    <testCase name="Test suite Integration Server Get client by email fails don&apos;t send an email" duration="6"/>
    <testCase name="Test suite Integration Server Get client by email fails send a wrong email" duration="8"/>
    <testCase name="Test suite Integration Server Get clients success ask the list of clients" duration="10"/>
    <testCase name="Test suite Integration Server Get clients preparation success ask the list of clients with products in preparation" duration="13"/>
    <testCase name="Test suite Integration Server Get categories success ask the list of categories" duration="8"/>
    <testCase name="Test suite Integration Server Farmer Session success send a valid user" duration="116"/>
    <testCase name="Test suite Integration Server Farmer Session fails send a wrong psw" duration="115"/>
    <testCase name="Test suite Integration Server Shop Employee Session success send a valid user" duration="117"/>
    <testCase name="Test suite Integration Server Shop Employee Session fails send a wrong psw" duration="111"/>
    <testCase name="Test suite Integration Server Warehouse worker Session success send a valid user" duration="105"/>
    <testCase name="Test suite Integration Server Warehouse worker Session fails send a wrong psw" duration="100"/>
    <testCase name="Test suite Integration Server get all products success test get api/products endpoint" duration="6"/>
    <testCase name="Test suite Integration Server get all CONFIRMED products for a particular farmer success test //GET /api/products/farmers/:id success" duration="6"/>
    <testCase name="Test suite Integration Server get all products expected by farmer id success test get /api/farmers/:farmerid/products_expected endpoint" duration="7"/>
    <testCase name="Test suite Integration Server get all confirmed products expected by farmer id success test get /api/products/farmers/1 endpoint" duration="7"/>
    <testCase name="Test suite Integration Server get all bookings success test get api/bookings endpoint" duration="11"/>
    <testCase name="Test suite Integration Server Get all the bookings from BOOKING_MODE with delivery = 0 and state = PREPARATION test GET /api/bookingModesPreparation" duration="7"/>
    <testCase name="Test suite Integration Server Get all the records from BOOKING_MODE table WHERE delivery = 0 and state = NEW test /api/bookingModesNew/pickup" duration="7"/>
    <testCase name="Test suite Integration Server get all bookings for a client success test get api/bookings/clients/1 endpoint" duration="6"/>
    <testCase name="Test suite Integration Server get all bookings for a non-existing client success test get api/bookings/clients/100 endpoint" duration="10"/>
    <testCase name="Test suite Integration Server update wallet balance fails send a negative balance amount" duration="15"/>
    <testCase name="Test suite Integration Server update wallet balance fails send a client id which does not exist" duration="9"/>
    <testCase name="Test suite Integration Server update wallet balance fails  do not send a client id " duration="10"/>
    <testCase name="Test suite Integration Server update wallet balance success send a valid body" duration="66"/>
    <testCase name="Test suite Integration Server edit the state of a booking send a invalid id booking" duration="6"/>
    <testCase name="Test suite Integration Server edit the state of a booking send a valid body" duration="8"/>
    <testCase name="Test suite Integration Server get all bookings with PENDINGCANCELATION state test /api/bookingsPendingCancelation endpoint" duration="13"/>
    <testCase name="Test suite Integration Server post a vector of product expected test with a no valid body, without a name field" duration="7"/>
    <testCase name="Test suite Integration Server Post ack success should create a new ack" duration="104"/>
    <testCase name="Test suite Integration Server get acks with state NEW success should retrieve a list of acks with state NEW" duration="176"/>
    <testCase name="Test suite Integration Server Put products with new state right put with all right fields" duration="6"/>
    <testCase name="Test suite Integration Server Put products with new state wrong put with a element without id field" duration="7"/>
    <testCase name="Test suite Integration Server Put products with new state wrong put with a invalid id" duration="5"/>
  </file>
</testExecutions>